<?xml version="1.0" encoding="UTF-8"?>
<testsuites name="New Nric" time="106.271" tests="1" failures="0" errors="0">
   <testsuite name="New Nric" tests="1" failures="0" errors="0" time="106.271" skipped="0" timestamp="02-08-2024T10:51:56" hostname="Zulaikha_118633 - 118633-001L-MY.adl.local" id="Test Suites/New Nric">
      <properties>
         <property name="deviceName" value=""/>
         <property name="devicePlatform"/>
         <property name="logFolder" value="C:\\Users\\zulaikha_118633\\git\\EKYCFlow\\Reports\\20240802_105148\\New Nric\\20240802_105148"/>
         <property name="logFiles" value="C:\\Users\\zulaikha_118633\\git\\EKYCFlow\\Reports\\20240802_105148\\New Nric\\20240802_105148\\execution0.log"/>
         <property name="attachments" value=""/>
         <property name="hostName" value="Zulaikha_118633 - 118633-001L-MY.adl.local"/>
         <property name="os" value="Windows 10 64bit"/>
         <property name="katalonVersion" value="9.6.0.217"/>
         <property name="browser" value="Chrome 127.0.0.0"/>
         <property name="hostAddress" value="172.20.10.3"/>
         <property name="sessionId" value="7229b150a79345e9dec4ebf369cc66a7"/>
         <property name="seleniumVersion" value="3.141.59"/>
         <property name="proxyInformation" value="ProxyInformation { proxyOption=NO_PROXY, proxyServerType=HTTP, username=, password=********, proxyServerAddress=, proxyServerPort=0, executionList=&quot;&quot;, isApplyToDesiredCapabilities=true }"/>
         <property name="platform" value="Windows 10"/>
      </properties>
      <testcase name="Test Cases/TC01_NEW_NRIC" time="105.891" classname="Test Cases/TC01_NEW_NRIC" status="PASSED">
         <system-out><![CDATA[02-08-2024T10:51:57 - [TEST_CASE][PASSED] - Test Cases/TC01_NEW_NRIC: Test Cases/TC01_NEW_NRIC

02-08-2024T10:51:58 - [TEST_STEP][PASSED] - custreq_id = Math.floor(Math.random() * 9000000000) + 1000000000: null

02-08-2024T10:51:58 - [TEST_STEP][PASSED] - custloan_id = Math.floor(Math.random() * 9000000000) + 1000000000: null

02-08-2024T10:51:58 - [TEST_STEP][PASSED] - println(custloan_id): null

02-08-2024T10:51:58 - [TEST_STEP][PASSED] - response1 = sendRequest(findTestObject("EKYC Flow/Customer Risk Rating", ["cust_req_id":custreq_id, "cust_loan_id":custloan_id, "NRIC":New_Nric])): Send request successfully

02-08-2024T10:52:02 - [MESSAGE][INFO] - HAR: C:\Users\zulaikha_118633\git\EKYCFlow\Reports\20240802_105148\New Nric\20240802_105148\requests\main\0.har

02-08-2024T10:52:02 - [MESSAGE][PASSED] - Send request successfully

02-08-2024T10:52:02 - [TEST_STEP][PASSED] - println(response1.getResponseBodyContent()): null

02-08-2024T10:52:02 - [TEST_STEP][PASSED] - getStatusCode()).isEqualTo(200): null

02-08-2024T10:52:02 - [TEST_STEP][PASSED] - println(verifyElementPropertyValue(response1, "evaluationStatus", "Approve")): Verify element property value successfully

02-08-2024T10:52:02 - [MESSAGE][PASSED] - Verify element property value successfully

02-08-2024T10:52:02 - [TEST_STEP][PASSED] - println("**************CUSTOMER RISK RATING PASSED**************"): null

02-08-2024T10:52:02 - [TEST_STEP][PASSED] - indreq_id = Math.floor(Math.random() * 9000000000) + 1000000000: null

02-08-2024T10:52:02 - [TEST_STEP][PASSED] - response2 = sendRequest(findTestObject("EKYC Flow/Industry Risk Rating", ["ind_loan_id":custloan_id, "ind_req_id":indreq_id, "NRIC":New_Nric])): Send request successfully

02-08-2024T10:52:03 - [MESSAGE][INFO] - HAR: C:\Users\zulaikha_118633\git\EKYCFlow\Reports\20240802_105148\New Nric\20240802_105148\requests\main\1.har

02-08-2024T10:52:03 - [MESSAGE][PASSED] - Send request successfully

02-08-2024T10:52:03 - [TEST_STEP][PASSED] - println(response2.getResponseBodyContent()): null

02-08-2024T10:52:03 - [TEST_STEP][PASSED] - getStatusCode()).isEqualTo(200): null

02-08-2024T10:52:03 - [TEST_STEP][PASSED] - println(verifyElementPropertyValue(response2, "riskAssessmentType", "PROHIBITED_INDUSTRY")): Verify element property value successfully

02-08-2024T10:52:03 - [MESSAGE][PASSED] - Verify element property value successfully

02-08-2024T10:52:03 - [TEST_STEP][PASSED] - println(verifyElementPropertyValue(response2, "evaluationStatus", "Reject")): Verify element property value successfully

02-08-2024T10:52:03 - [MESSAGE][PASSED] - Verify element property value successfully

02-08-2024T10:52:03 - [TEST_STEP][PASSED] - println("**************INDUSTRY RISK RATING PASSED**************"): null

02-08-2024T10:52:03 - [TEST_STEP][PASSED] - comreq_id = Math.floor(Math.random() * 9000000000) + 1000000000: null

02-08-2024T10:52:03 - [TEST_STEP][PASSED] - response3 = sendRequest(findTestObject("EKYC Flow/Company Risk Rating", ["com_loan_id":custloan_id, "com_req_id":comreq_id, "NRIC":New_Nric])): Send request successfully

02-08-2024T10:52:04 - [MESSAGE][INFO] - HAR: C:\Users\zulaikha_118633\git\EKYCFlow\Reports\20240802_105148\New Nric\20240802_105148\requests\main\2.har

02-08-2024T10:52:04 - [MESSAGE][PASSED] - Send request successfully

02-08-2024T10:52:04 - [TEST_STEP][PASSED] - println(response3.getResponseBodyContent()): null

02-08-2024T10:52:04 - [TEST_STEP][PASSED] - getStatusCode()).isEqualTo(200): null

02-08-2024T10:52:04 - [TEST_STEP][PASSED] - println(verifyElementPropertyValue(response3, "riskAssessmentType", "COMPANY_RISK")): Verify element property value successfully

02-08-2024T10:52:04 - [MESSAGE][PASSED] - Verify element property value successfully

02-08-2024T10:52:04 - [TEST_STEP][PASSED] - println(verifyElementPropertyValue(response3, "evaluationStatus", "Reject")): Verify element property value successfully

02-08-2024T10:52:04 - [MESSAGE][PASSED] - Verify element property value successfully

02-08-2024T10:52:04 - [TEST_STEP][PASSED] - println("**************COMPANY RISK RATING PASSED**************"): null

02-08-2024T10:52:04 - [TEST_STEP][PASSED] - statreq_id = Math.floor(Math.random() * 9000000000) + 1000000000: null

02-08-2024T10:52:04 - [TEST_STEP][PASSED] - custloan_id = Math.floor(Math.random() * 9000000000) + 1000000000: null

02-08-2024T10:52:04 - [TEST_STEP][PASSED] - println(custloan_id): null

02-08-2024T10:52:05 - [TEST_STEP][PASSED] - response4 = sendRequest(findTestObject("EKYC Flow/Member Onboarding Status", ["stat_req_id":statreq_id])): Send request successfully

02-08-2024T10:52:05 - [MESSAGE][INFO] - HAR: C:\Users\zulaikha_118633\git\EKYCFlow\Reports\20240802_105148\New Nric\20240802_105148\requests\main\3.har

02-08-2024T10:52:05 - [MESSAGE][PASSED] - Send request successfully

02-08-2024T10:52:05 - [TEST_STEP][PASSED] - println(response4.getResponseBodyContent()): null

02-08-2024T10:52:05 - [TEST_STEP][PASSED] - getStatusCode()).isEqualTo(200): null

02-08-2024T10:52:05 - [TEST_STEP][PASSED] - println(verifyElementPropertyValue(response4, "exists", "true")): Verify element property value successfully

02-08-2024T10:52:05 - [MESSAGE][PASSED] - Verify element property value successfully

02-08-2024T10:52:05 - [TEST_STEP][PASSED] - exreq_id = Math.floor(Math.random() * 9000000000) + 1000000000: null

02-08-2024T10:52:05 - [TEST_STEP][PASSED] - response5 = sendRequest(findTestObject("EKYC Flow/Member Existence Check", ["ex_loan_id":custloan_id, "ex_req_id":exreq_id, "NRIC":New_Nric])): Send request successfully

02-08-2024T10:52:05 - [MESSAGE][INFO] - HAR: C:\Users\zulaikha_118633\git\EKYCFlow\Reports\20240802_105148\New Nric\20240802_105148\requests\main\4.har

02-08-2024T10:52:05 - [MESSAGE][PASSED] - Send request successfully

02-08-2024T10:52:05 - [TEST_STEP][PASSED] - println(response5.getResponseBodyContent()): null

02-08-2024T10:52:05 - [TEST_STEP][PASSED] - getStatusCode()).isEqualTo(200): null

02-08-2024T10:52:05 - [TEST_STEP][PASSED] - println(verifyElementPropertyValue(response5, "exists", "true")): Verify element property value successfully

02-08-2024T10:52:05 - [MESSAGE][PASSED] - Verify element property value successfully

02-08-2024T10:52:05 - [TEST_STEP][PASSED] - println("**************MEMBER EXISTENCE PASSED**************"): null

02-08-2024T10:52:05 - [TEST_STEP][PASSED] - ekycreq_id = Math.floor(Math.random() * 9000000000) + 1000000000: null

02-08-2024T10:52:05 - [TEST_STEP][PASSED] - custloan_id = Math.floor(Math.random() * 9000000000) + 1000000000: null

02-08-2024T10:52:05 - [TEST_STEP][PASSED] - response6 = sendRequest(findTestObject("EKYC Flow/Fully EKYC", ["ekyc_loan_id":custloan_id, "ekyc_req_id":ekycreq_id, "NRIC":New_Nric])): Send request successfully

02-08-2024T10:52:06 - [MESSAGE][INFO] - HAR: C:\Users\zulaikha_118633\git\EKYCFlow\Reports\20240802_105148\New Nric\20240802_105148\requests\main\5.har

02-08-2024T10:52:06 - [MESSAGE][PASSED] - Send request successfully

02-08-2024T10:52:06 - [TEST_STEP][PASSED] - println(response6.getResponseBodyContent()): null

02-08-2024T10:52:06 - [TEST_STEP][PASSED] - getStatusCode()).isEqualTo(200): null

02-08-2024T10:52:06 - [TEST_STEP][PASSED] - web = getElementPropertyValue(response6, "webUrl"): null

02-08-2024T10:52:06 - [TEST_STEP][PASSED] - println(web): null

02-08-2024T10:52:06 - [TEST_STEP][PASSED] - openBrowser(web): Browser is opened with url: 'https://boost.web.apac-1.jumio.ai/web/v4/app?authorizationToken=eyJhbGciOiJIUzUxMiIsInppcCI6IkdaSVAifQ.H4sIAAAAAAAA_5WOQQ5CMQhE79K1JJRCS925dOsNoC0nMNHEeHf7_w1ckZl5eeGT1vv2TNeUG5HU1rJol3RJNsZ97t69zD5jQd4H2HKA8nJAid564z7UD_yElXWGhYAjZmA0AiM1GKVZ2PIofrhfsf7Bx2PFpgmJUZEyShYhLj1XpWM_ZbW5UWeDLdyPUlNw2dF7jNAqwlPT9wfVE2N88AAAAA.s7LcCwx7N8I8Vpd8rwFB5HjoIbva0dUccpOWgGu-fGRho8RuehR43Lvjf7Y2eLIya-0upc7cQk4VTs-iZVCHfw&locale=en'

02-08-2024T10:52:06 - [MESSAGE][INFO] - Starting 'Chrome' driver

02-08-2024T10:52:06 - [MESSAGE][INFO] - Action delay is set to 0 milliseconds

02-08-2024T10:52:12 - [MESSAGE][PASSED] - Browser is opened with url: 'https://boost.web.apac-1.jumio.ai/web/v4/app?authorizationToken=eyJhbGciOiJIUzUxMiIsInppcCI6IkdaSVAifQ.H4sIAAAAAAAA_5WOQQ5CMQhE79K1JJRCS925dOsNoC0nMNHEeHf7_w1ckZl5eeGT1vv2TNeUG5HU1rJol3RJNsZ97t69zD5jQd4H2HKA8nJAid564z7UD_yElXWGhYAjZmA0AiM1GKVZ2PIofrhfsf7Bx2PFpgmJUZEyShYhLj1XpWM_ZbW5UWeDLdyPUlNw2dF7jNAqwlPT9wfVE2N88AAAAA.s7LcCwx7N8I8Vpd8rwFB5HjoIbva0dUccpOWgGu-fGRho8RuehR43Lvjf7Y2eLIya-0upc7cQk4VTs-iZVCHfw&locale=en'

02-08-2024T10:52:12 - [TEST_STEP][PASSED] - delay(90): Delayed 90 second(s)

02-08-2024T10:53:42 - [MESSAGE][PASSED] - Delayed 90 second(s)

02-08-2024T10:53:42 - [TEST_STEP][PASSED] - closeBrowser(): Browser is closed

02-08-2024T10:53:43 - [MESSAGE][PASSED] - Browser is closed

02-08-2024T10:53:43 - [TEST_STEP][PASSED] - println("**************FULLY EKYC PASSED**************"): null]]></system-out>
         <system-err><![CDATA[]]></system-err>
      </testcase>
      <system-out><![CDATA[02-08-2024T10:51:56 - [TEST_SUITE][PASSED] - New Nric: Test Cases/TC01_NEW_NRIC]]></system-out>
      <system-err><![CDATA[]]></system-err>
   </testsuite>
</testsuites>
