<?xml version="1.0" encoding="UTF-8"?>
<testsuites name="New Test Suite" time="107.21" tests="1" failures="0" errors="0">
   <testsuite name="New Test Suite" tests="1" failures="0" errors="0" time="107.21" skipped="0" timestamp="01-08-2024T11:02:25" hostname="Zulaikha_118633 - 118633-001L-MY.adl.local" id="Test Suites/New Test Suite">
      <properties>
         <property name="deviceName" value=""/>
         <property name="devicePlatform"/>
         <property name="logFolder" value="C:\\Users\\zulaikha_118633\\git\\EKYCFlow\\Reports\\20240801_110216\\New Test Suite\\20240801_110216"/>
         <property name="logFiles" value="C:\\Users\\zulaikha_118633\\git\\EKYCFlow\\Reports\\20240801_110216\\New Test Suite\\20240801_110216\\execution0.log"/>
         <property name="attachments" value=""/>
         <property name="hostName" value="Zulaikha_118633 - 118633-001L-MY.adl.local"/>
         <property name="os" value="Windows 10 64bit"/>
         <property name="katalonVersion" value="9.6.0.217"/>
         <property name="browser" value="Chrome 127.0.0.0"/>
         <property name="hostAddress" value="172.20.10.3"/>
         <property name="sessionId" value="5158b283106990c8780ba005dd8ac47e"/>
         <property name="seleniumVersion" value="3.141.59"/>
         <property name="proxyInformation" value="ProxyInformation { proxyOption=NO_PROXY, proxyServerType=HTTP, username=, password=********, proxyServerAddress=, proxyServerPort=0, executionList=&quot;&quot;, isApplyToDesiredCapabilities=true }"/>
         <property name="platform" value="Windows 10"/>
      </properties>
      <testcase name="Test Cases/TC02_Customer_Idv" time="106.961" classname="Test Cases/TC02_Customer_Idv" status="PASSED">
         <system-out><![CDATA[01-08-2024T11:02:25 - [TEST_CASE][PASSED] - Test Cases/TC02_Customer_Idv: Test Cases/TC02_Customer_Idv

01-08-2024T11:02:26 - [TEST_STEP][PASSED] - exreq_id = Math.floor(Math.random() * 9000000000) + 1000000000: null

01-08-2024T11:02:26 - [TEST_STEP][PASSED] - custloan_id = Math.floor(Math.random() * 9000000000) + 1000000000: null

01-08-2024T11:02:26 - [TEST_STEP][PASSED] - response5 = sendRequest(findTestObject("EKYC Flow/Member Existence Check", ["ex_loan_id":custloan_id, "ex_req_id":exreq_id, "NRIC":IDV_Nric])): Send request successfully

01-08-2024T11:02:28 - [MESSAGE][INFO] - HAR: C:\Users\zulaikha_118633\git\EKYCFlow\Reports\20240801_110216\New Test Suite\20240801_110216\requests\main\0.har

01-08-2024T11:02:28 - [MESSAGE][PASSED] - Send request successfully

01-08-2024T11:02:28 - [TEST_STEP][PASSED] - println(response5.getResponseBodyContent()): null

01-08-2024T11:02:29 - [TEST_STEP][PASSED] - getStatusCode()).isEqualTo(200): null

01-08-2024T11:02:29 - [TEST_STEP][PASSED] - println(verifyElementPropertyValue(response5, "exists", "true")): Verify element property value successfully

01-08-2024T11:02:29 - [MESSAGE][PASSED] - Verify element property value successfully

01-08-2024T11:02:29 - [TEST_STEP][PASSED] - println("**************MEMBER EXISTENCE PASSED**************"): null

01-08-2024T11:02:29 - [TEST_STEP][PASSED] - custreq_id = Math.floor(Math.random() * 9000000000) + 1000000000: null

01-08-2024T11:02:29 - [TEST_STEP][PASSED] - custloan_id = Math.floor(Math.random() * 9000000000) + 1000000000: null

01-08-2024T11:02:29 - [TEST_STEP][PASSED] - println(custloan_id): null

01-08-2024T11:02:29 - [TEST_STEP][PASSED] - response1 = sendRequest(findTestObject("EKYC Flow/Customer Risk Rating", ["cust_req_id":custreq_id, "cust_loan_id":custloan_id, "NRIC":IDV_Nric])): Send request successfully

01-08-2024T11:02:32 - [MESSAGE][INFO] - HAR: C:\Users\zulaikha_118633\git\EKYCFlow\Reports\20240801_110216\New Test Suite\20240801_110216\requests\main\1.har

01-08-2024T11:02:32 - [MESSAGE][PASSED] - Send request successfully

01-08-2024T11:02:32 - [TEST_STEP][PASSED] - println(response1.getResponseBodyContent()): null

01-08-2024T11:02:32 - [TEST_STEP][PASSED] - getStatusCode()).isEqualTo(200): null

01-08-2024T11:02:32 - [TEST_STEP][PASSED] - println(verifyElementPropertyValue(response1, "evaluationStatus", "Approve")): Verify element property value successfully

01-08-2024T11:02:32 - [MESSAGE][PASSED] - Verify element property value successfully

01-08-2024T11:02:32 - [TEST_STEP][PASSED] - println("**************CUSTOMER RISK RATING PASSED**************"): null

01-08-2024T11:02:32 - [TEST_STEP][PASSED] - indreq_id = Math.floor(Math.random() * 9000000000) + 1000000000: null

01-08-2024T11:02:32 - [TEST_STEP][PASSED] - response2 = sendRequest(findTestObject("EKYC Flow/Industry Risk Rating", ["ind_loan_id":custloan_id, "ind_req_id":indreq_id, "NRIC":IDV_Nric])): Send request successfully

01-08-2024T11:02:33 - [MESSAGE][INFO] - HAR: C:\Users\zulaikha_118633\git\EKYCFlow\Reports\20240801_110216\New Test Suite\20240801_110216\requests\main\2.har

01-08-2024T11:02:33 - [MESSAGE][PASSED] - Send request successfully

01-08-2024T11:02:33 - [TEST_STEP][PASSED] - println(response2.getResponseBodyContent()): null

01-08-2024T11:02:33 - [TEST_STEP][PASSED] - getStatusCode()).isEqualTo(200): null

01-08-2024T11:02:33 - [TEST_STEP][PASSED] - println(verifyElementPropertyValue(response2, "riskAssessmentType", "PROHIBITED_INDUSTRY")): Verify element property value successfully

01-08-2024T11:02:33 - [MESSAGE][PASSED] - Verify element property value successfully

01-08-2024T11:02:33 - [TEST_STEP][PASSED] - println(verifyElementPropertyValue(response2, "evaluationStatus", "Reject")): Verify element property value successfully

01-08-2024T11:02:33 - [MESSAGE][PASSED] - Verify element property value successfully

01-08-2024T11:02:33 - [TEST_STEP][PASSED] - println("**************INDUSTRY RISK RATING PASSED**************"): null

01-08-2024T11:02:33 - [TEST_STEP][PASSED] - comreq_id = Math.floor(Math.random() * 9000000000) + 1000000000: null

01-08-2024T11:02:33 - [TEST_STEP][PASSED] - response3 = sendRequest(findTestObject("EKYC Flow/Company Risk Rating", ["com_loan_id":custloan_id, "com_req_id":comreq_id, "NRIC":IDV_Nric])): Send request successfully

01-08-2024T11:02:34 - [MESSAGE][INFO] - HAR: C:\Users\zulaikha_118633\git\EKYCFlow\Reports\20240801_110216\New Test Suite\20240801_110216\requests\main\3.har

01-08-2024T11:02:34 - [MESSAGE][PASSED] - Send request successfully

01-08-2024T11:02:34 - [TEST_STEP][PASSED] - println(response3.getResponseBodyContent()): null

01-08-2024T11:02:34 - [TEST_STEP][PASSED] - getStatusCode()).isEqualTo(200): null

01-08-2024T11:02:34 - [TEST_STEP][PASSED] - println(verifyElementPropertyValue(response3, "riskAssessmentType", "COMPANY_RISK")): Verify element property value successfully

01-08-2024T11:02:34 - [MESSAGE][PASSED] - Verify element property value successfully

01-08-2024T11:02:34 - [TEST_STEP][PASSED] - println(verifyElementPropertyValue(response3, "evaluationStatus", "Reject")): Verify element property value successfully

01-08-2024T11:02:34 - [MESSAGE][PASSED] - Verify element property value successfully

01-08-2024T11:02:34 - [TEST_STEP][PASSED] - println("**************COMPANY RISK RATING PASSED**************"): null

01-08-2024T11:02:34 - [TEST_STEP][PASSED] - serreq_id = Math.floor(Math.random() * 9000000000) + 1000000000: null

01-08-2024T11:02:34 - [TEST_STEP][PASSED] - response7 = sendRequest(findTestObject("EKYC Flow/Server Bio", ["ser_loan_id":custloan_id, "ser_req_id":serreq_id, "NRIC":IDV_Nric])): Send request successfully

01-08-2024T11:02:35 - [MESSAGE][INFO] - HAR: C:\Users\zulaikha_118633\git\EKYCFlow\Reports\20240801_110216\New Test Suite\20240801_110216\requests\main\4.har

01-08-2024T11:02:35 - [MESSAGE][PASSED] - Send request successfully

01-08-2024T11:02:35 - [TEST_STEP][PASSED] - println(response7.getResponseBodyContent()): null

01-08-2024T11:02:35 - [TEST_STEP][PASSED] - getStatusCode()).isEqualTo(200): null

01-08-2024T11:02:35 - [TEST_STEP][PASSED] - web1 = getElementPropertyValue(response7, "webUrl"): null

01-08-2024T11:02:35 - [TEST_STEP][PASSED] - println(web1): null

01-08-2024T11:02:35 - [TEST_STEP][PASSED] - openBrowser(web1): Browser is opened with url: 'https://boost.web.apac-1.jumio.ai/web/v4/app?authorizationToken=eyJhbGciOiJIUzUxMiIsInppcCI6IkdaSVAifQ.H4sIAAAAAAAA_5XOyw2CQQgE4F72LAkg7II3j17tAPZRgYkmxt5d_w48MvNlwrvM1_VRLoUasxi5SONzOZXo_TZ2PtSwsgY4-hkkKkLwMJg0mmBUU88fP3D2FimCMLUyyGoTsk8CJKSVyV4nbfxc8x_e73NtzciChkSE-1Vxae5y9MdYbRnsEhBLBwg3g9R9pq--rKrKsPL5Aroyt7DwAAAA.KxGOmJziPLjHL9Qe1swxZiQEzxIb-yNOuq1QkAw2D-t-lfUfueNKP2luVvdMmRC6GIVP_lN85CpKr9l5LpYH9w&locale=en'

01-08-2024T11:02:35 - [MESSAGE][INFO] - Starting 'Chrome' driver

01-08-2024T11:02:36 - [MESSAGE][INFO] - Action delay is set to 0 milliseconds

01-08-2024T11:02:42 - [MESSAGE][PASSED] - Browser is opened with url: 'https://boost.web.apac-1.jumio.ai/web/v4/app?authorizationToken=eyJhbGciOiJIUzUxMiIsInppcCI6IkdaSVAifQ.H4sIAAAAAAAA_5XOyw2CQQgE4F72LAkg7II3j17tAPZRgYkmxt5d_w48MvNlwrvM1_VRLoUasxi5SONzOZXo_TZ2PtSwsgY4-hkkKkLwMJg0mmBUU88fP3D2FimCMLUyyGoTsk8CJKSVyV4nbfxc8x_e73NtzciChkSE-1Vxae5y9MdYbRnsEhBLBwg3g9R9pq--rKrKsPL5Aroyt7DwAAAA.KxGOmJziPLjHL9Qe1swxZiQEzxIb-yNOuq1QkAw2D-t-lfUfueNKP2luVvdMmRC6GIVP_lN85CpKr9l5LpYH9w&locale=en'

01-08-2024T11:02:42 - [TEST_STEP][PASSED] - delay(90): Delayed 90 second(s)

01-08-2024T11:04:12 - [MESSAGE][PASSED] - Delayed 90 second(s)

01-08-2024T11:04:12 - [TEST_STEP][PASSED] - closeBrowser(): Browser is closed

01-08-2024T11:04:12 - [MESSAGE][PASSED] - Browser is closed

01-08-2024T11:04:12 - [TEST_STEP][PASSED] - println("**************SERVER BIO PASSED**************"): null]]></system-out>
         <system-err><![CDATA[]]></system-err>
      </testcase>
      <system-out><![CDATA[01-08-2024T11:02:25 - [TEST_SUITE][PASSED] - New Test Suite: Test Cases/TC02_Customer_Idv]]></system-out>
      <system-err><![CDATA[]]></system-err>
   </testsuite>
</testsuites>
