<?xml version="1.0" encoding="UTF-8"?>
<testsuites name="Customer IDV" time="304.81" tests="1" failures="0" errors="0">
   <testsuite name="Customer IDV" tests="1" failures="0" errors="0" time="304.81" skipped="0" timestamp="15-08-2024T11:12:29" hostname="Zulaikha_118633 - 118633-001L-MY.adl.local" id="Test Suites/Customer IDV">
      <properties>
         <property name="deviceName" value=""/>
         <property name="devicePlatform"/>
         <property name="logFolder" value="C:\\Users\\zulaikha_118633\\git\\EKYCFlow\\Reports\\20240815_111221\\Customer IDV\\20240815_111221"/>
         <property name="logFiles" value="C:\\Users\\zulaikha_118633\\git\\EKYCFlow\\Reports\\20240815_111221\\Customer IDV\\20240815_111221\\execution0.log"/>
         <property name="attachments" value=""/>
         <property name="hostName" value="Zulaikha_118633 - 118633-001L-MY.adl.local"/>
         <property name="os" value="Windows 10 64bit"/>
         <property name="katalonVersion" value="9.6.0.217"/>
         <property name="browser" value="Chrome 127.0.0.0"/>
         <property name="hostAddress" value="172.20.10.3"/>
         <property name="sessionId" value="f30363f233b474e37b64e777d7831b5f"/>
         <property name="seleniumVersion" value="3.141.59"/>
         <property name="proxyInformation" value="ProxyInformation { proxyOption=NO_PROXY, proxyServerType=HTTP, username=, password=********, proxyServerAddress=, proxyServerPort=0, executionList=&quot;&quot;, isApplyToDesiredCapabilities=true }"/>
         <property name="platform" value="Windows 10"/>
      </properties>
      <testcase name="Test Cases/TC02_Customer_Idv" time="304.396" classname="Test Cases/TC02_Customer_Idv" status="PASSED">
         <system-out><![CDATA[15-08-2024T11:12:29 - [TEST_CASE][PASSED] - Test Cases/TC02_Customer_Idv: Test Cases/TC02_Customer_Idv

15-08-2024T11:12:31 - [TEST_STEP][PASSED] - statreq_id = Math.floor(Math.random() * 9000000000) + 1000000000: null

15-08-2024T11:12:31 - [TEST_STEP][PASSED] - custloan_id = Math.floor(Math.random() * 9000000000) + 1000000000: null

15-08-2024T11:12:31 - [TEST_STEP][PASSED] - println(custloan_id): null

15-08-2024T11:12:31 - [TEST_STEP][PASSED] - response4 = sendRequest(findTestObject("EKYC Flow/Member Onboarding Status", ["stat_req_id":statreq_id, "NRIC":IDV_Nric])): Send request successfully

15-08-2024T11:12:33 - [MESSAGE][INFO] - HAR: C:\Users\zulaikha_118633\git\EKYCFlow\Reports\20240815_111221\Customer IDV\20240815_111221\requests\main\0.har

15-08-2024T11:12:33 - [MESSAGE][PASSED] - Send request successfully

15-08-2024T11:12:33 - [TEST_STEP][PASSED] - println(response4.getResponseBodyContent()): null

15-08-2024T11:12:33 - [TEST_STEP][PASSED] - getStatusCode()).isEqualTo(200): null

15-08-2024T11:12:34 - [TEST_STEP][PASSED] - println(verifyElementPropertyValue(response4, "exists", "true")): Verify element property value successfully

15-08-2024T11:12:34 - [MESSAGE][PASSED] - Verify element property value successfully

15-08-2024T11:12:34 - [TEST_STEP][PASSED] - exreq_id = Math.floor(Math.random() * 9000000000) + 1000000000: null

15-08-2024T11:12:34 - [TEST_STEP][PASSED] - println(custloan_id): null

15-08-2024T11:12:34 - [TEST_STEP][PASSED] - response5 = sendRequest(findTestObject("EKYC Flow/Member Existence Check", ["ex_loan_id":custloan_id, "ex_req_id":exreq_id, "NRIC":IDV_Nric])): Send request successfully

15-08-2024T11:12:35 - [MESSAGE][INFO] - HAR: C:\Users\zulaikha_118633\git\EKYCFlow\Reports\20240815_111221\Customer IDV\20240815_111221\requests\main\1.har

15-08-2024T11:12:35 - [MESSAGE][PASSED] - Send request successfully

15-08-2024T11:12:35 - [TEST_STEP][PASSED] - println(response5.getResponseBodyContent()): null

15-08-2024T11:12:35 - [TEST_STEP][PASSED] - getStatusCode()).isEqualTo(200): null

15-08-2024T11:12:35 - [TEST_STEP][PASSED] - println(verifyElementPropertyValue(response5, "exists", "true")): Verify element property value successfully

15-08-2024T11:12:35 - [MESSAGE][PASSED] - Verify element property value successfully

15-08-2024T11:12:35 - [TEST_STEP][PASSED] - println("**************MEMBER EXISTENCE PASSED**************"): null

15-08-2024T11:12:35 - [TEST_STEP][PASSED] - custreq_id = Math.floor(Math.random() * 9000000000) + 1000000000: null

15-08-2024T11:12:35 - [TEST_STEP][PASSED] - custloan_id = Math.floor(Math.random() * 9000000000) + 1000000000: null

15-08-2024T11:12:35 - [TEST_STEP][PASSED] - println(custloan_id): null

15-08-2024T11:12:35 - [TEST_STEP][PASSED] - response1 = sendRequest(findTestObject("EKYC Flow/Customer Risk Rating", ["cust_req_id":custreq_id, "cust_loan_id":custloan_id, "NRIC":IDV_Nric])): Send request successfully

15-08-2024T11:12:38 - [MESSAGE][INFO] - HAR: C:\Users\zulaikha_118633\git\EKYCFlow\Reports\20240815_111221\Customer IDV\20240815_111221\requests\main\2.har

15-08-2024T11:12:38 - [MESSAGE][PASSED] - Send request successfully

15-08-2024T11:12:38 - [TEST_STEP][PASSED] - println(response1.getResponseBodyContent()): null

15-08-2024T11:12:38 - [TEST_STEP][PASSED] - getStatusCode()).isEqualTo(200): null

15-08-2024T11:12:38 - [TEST_STEP][PASSED] - println(verifyElementPropertyValue(response1, "evaluationStatus", "Approve")): Verify element property value successfully

15-08-2024T11:12:38 - [MESSAGE][PASSED] - Verify element property value successfully

15-08-2024T11:12:38 - [TEST_STEP][PASSED] - println("**************CUSTOMER RISK RATING PASSED**************"): null

15-08-2024T11:12:38 - [TEST_STEP][PASSED] - indreq_id = Math.floor(Math.random() * 9000000000) + 1000000000: null

15-08-2024T11:12:38 - [TEST_STEP][PASSED] - response2 = sendRequest(findTestObject("EKYC Flow/Industry Risk Rating", ["ind_loan_id":custloan_id, "ind_req_id":indreq_id, "NRIC":IDV_Nric])): Send request successfully

15-08-2024T11:12:40 - [MESSAGE][INFO] - HAR: C:\Users\zulaikha_118633\git\EKYCFlow\Reports\20240815_111221\Customer IDV\20240815_111221\requests\main\3.har

15-08-2024T11:12:40 - [MESSAGE][PASSED] - Send request successfully

15-08-2024T11:12:40 - [TEST_STEP][PASSED] - println(response2.getResponseBodyContent()): null

15-08-2024T11:12:40 - [TEST_STEP][PASSED] - getStatusCode()).isEqualTo(200): null

15-08-2024T11:12:40 - [TEST_STEP][PASSED] - println(verifyElementPropertyValue(response2, "riskAssessmentType", "PROHIBITED_INDUSTRY")): Verify element property value successfully

15-08-2024T11:12:40 - [MESSAGE][PASSED] - Verify element property value successfully

15-08-2024T11:12:40 - [TEST_STEP][PASSED] - println(verifyElementPropertyValue(response2, "evaluationStatus", "Reject")): Verify element property value successfully

15-08-2024T11:12:41 - [MESSAGE][PASSED] - Verify element property value successfully

15-08-2024T11:12:41 - [TEST_STEP][PASSED] - println("**************INDUSTRY RISK RATING PASSED**************"): null

15-08-2024T11:12:41 - [TEST_STEP][PASSED] - comreq_id = Math.floor(Math.random() * 9000000000) + 1000000000: null

15-08-2024T11:12:41 - [TEST_STEP][PASSED] - response3 = sendRequest(findTestObject("EKYC Flow/Company Risk Rating", ["com_loan_id":custloan_id, "com_req_id":comreq_id, "NRIC":IDV_Nric])): Send request successfully

15-08-2024T11:12:42 - [MESSAGE][INFO] - HAR: C:\Users\zulaikha_118633\git\EKYCFlow\Reports\20240815_111221\Customer IDV\20240815_111221\requests\main\4.har

15-08-2024T11:12:42 - [MESSAGE][PASSED] - Send request successfully

15-08-2024T11:12:42 - [TEST_STEP][PASSED] - println(response3.getResponseBodyContent()): null

15-08-2024T11:12:42 - [TEST_STEP][PASSED] - getStatusCode()).isEqualTo(200): null

15-08-2024T11:12:42 - [TEST_STEP][PASSED] - println(verifyElementPropertyValue(response3, "riskAssessmentType", "COMPANY_RISK")): Verify element property value successfully

15-08-2024T11:12:42 - [MESSAGE][PASSED] - Verify element property value successfully

15-08-2024T11:12:42 - [TEST_STEP][PASSED] - println(verifyElementPropertyValue(response3, "evaluationStatus", "Reject")): Verify element property value successfully

15-08-2024T11:12:42 - [MESSAGE][PASSED] - Verify element property value successfully

15-08-2024T11:12:42 - [TEST_STEP][PASSED] - println("**************COMPANY RISK RATING PASSED**************"): null

15-08-2024T11:12:42 - [TEST_STEP][PASSED] - ekycreq_id = Math.floor(Math.random() * 9000000000) + 1000000000: null

15-08-2024T11:12:42 - [TEST_STEP][PASSED] - custloan_id = Math.floor(Math.random() * 9000000000) + 1000000000: null

15-08-2024T11:12:42 - [TEST_STEP][PASSED] - response6 = sendRequest(findTestObject("EKYC Flow/Fully EKYC", ["ekyc_loan_id":custloan_id, "ekyc_req_id":ekycreq_id, "NRIC":IDV_Nric])): Send request successfully

15-08-2024T11:12:42 - [MESSAGE][INFO] - HAR: C:\Users\zulaikha_118633\git\EKYCFlow\Reports\20240815_111221\Customer IDV\20240815_111221\requests\main\5.har

15-08-2024T11:12:42 - [MESSAGE][PASSED] - Send request successfully

15-08-2024T11:12:42 - [TEST_STEP][PASSED] - println(response6.getResponseBodyContent()): null

15-08-2024T11:12:42 - [TEST_STEP][PASSED] - getStatusCode()).isEqualTo(200): null

15-08-2024T11:12:42 - [TEST_STEP][PASSED] - web = getElementPropertyValue(response6, "webUrl"): null

15-08-2024T11:12:42 - [TEST_STEP][PASSED] - println(web): null

15-08-2024T11:12:42 - [TEST_STEP][PASSED] - openBrowser(web): Browser is opened with url: 'https://boost.web.apac-1.jumio.ai/web/v4/app?authorizationToken=eyJhbGciOiJIUzUxMiIsInppcCI6IkdaSVAifQ.H4sIAAAAAAAA_5XOQQ4CMQgF0Lt0LUmhQKk7l269QWnLCUw0Md7dztzAHfBfyP-k9b490zVhpaKNULCZpUvqY9znvlsrTiYI7sjAPGlPoaBLZ95WGOPgJ-5OEe4NikUFnhLQ3AdknFMlF9XwjV-x_uHjsWJrysTZdkFEKph3USTJR34-0-qdGnfoIROYqoHLXr3FCFMRnpa-P2Az1arwAAAA.74nrMVfP8E5zIzirxS84ZbiW1iEUsmwB_xiOYpSu0XdBZmtPgWA50u0G6gEywIq2v6gUPuOGkEYlQB2Qdfa-wQ&locale=en'

15-08-2024T11:12:43 - [MESSAGE][INFO] - Starting 'Chrome' driver

15-08-2024T11:12:43 - [MESSAGE][INFO] - Action delay is set to 0 milliseconds

15-08-2024T11:12:53 - [MESSAGE][PASSED] - Browser is opened with url: 'https://boost.web.apac-1.jumio.ai/web/v4/app?authorizationToken=eyJhbGciOiJIUzUxMiIsInppcCI6IkdaSVAifQ.H4sIAAAAAAAA_5XOQQ4CMQgF0Lt0LUmhQKk7l269QWnLCUw0Md7dztzAHfBfyP-k9b490zVhpaKNULCZpUvqY9znvlsrTiYI7sjAPGlPoaBLZ95WGOPgJ-5OEe4NikUFnhLQ3AdknFMlF9XwjV-x_uHjsWJrysTZdkFEKph3USTJR34-0-qdGnfoIROYqoHLXr3FCFMRnpa-P2Az1arwAAAA.74nrMVfP8E5zIzirxS84ZbiW1iEUsmwB_xiOYpSu0XdBZmtPgWA50u0G6gEywIq2v6gUPuOGkEYlQB2Qdfa-wQ&locale=en'

15-08-2024T11:12:53 - [TEST_STEP][PASSED] - click(findTestObject("Object Repository/WebUI/Page_Netverify - Start verification(fully)/button_Start")): Object: 'Object Repository/WebUI/Page_Netverify - Start verification(fully)/button_Start' is clicked on

15-08-2024T11:12:54 - [MESSAGE][PASSED] - Object: 'Object Repository/WebUI/Page_Netverify - Start verification(fully)/button_Start' is clicked on

15-08-2024T11:12:54 - [TEST_STEP][PASSED] - click(findTestObject("Object Repository/WebUI/Page_Netverify - Choose an upload method(fully)/button_Continue on mobile")): Object: 'Object Repository/WebUI/Page_Netverify - Choose an upload method(fully)/button_Continue on mobile' is clicked on

15-08-2024T11:12:56 - [MESSAGE][PASSED] - Object: 'Object Repository/WebUI/Page_Netverify - Choose an upload method(fully)/button_Continue on mobile' is clicked on

15-08-2024T11:12:56 - [TEST_STEP][PASSED] - delay(120): Delayed 120 second(s)

15-08-2024T11:14:56 - [MESSAGE][PASSED] - Delayed 120 second(s)

15-08-2024T11:14:56 - [TEST_STEP][PASSED] - closeBrowser(): Browser is closed

15-08-2024T11:14:56 - [MESSAGE][PASSED] - Browser is closed

15-08-2024T11:14:56 - [TEST_STEP][PASSED] - println("**************FULLY EKYC PASSED**************"): null

15-08-2024T11:14:56 - [TEST_STEP][PASSED] - serreq_id = Math.floor(Math.random() * 9000000000) + 1000000000: null

15-08-2024T11:14:56 - [TEST_STEP][PASSED] - response7 = sendRequest(findTestObject("EKYC Flow/Server Bio", ["ser_loan_id":custloan_id, "ser_req_id":serreq_id, "NRIC":IDV_Nric])): Send request successfully

15-08-2024T11:14:57 - [MESSAGE][INFO] - HAR: C:\Users\zulaikha_118633\git\EKYCFlow\Reports\20240815_111221\Customer IDV\20240815_111221\requests\main\6.har

15-08-2024T11:14:57 - [MESSAGE][PASSED] - Send request successfully

15-08-2024T11:14:57 - [TEST_STEP][PASSED] - println(response7.getResponseBodyContent()): null

15-08-2024T11:14:57 - [TEST_STEP][PASSED] - getStatusCode()).isEqualTo(200): null

15-08-2024T11:14:57 - [TEST_STEP][PASSED] - web1 = getElementPropertyValue(response7, "webUrl"): null

15-08-2024T11:14:57 - [TEST_STEP][PASSED] - println(web1): null

15-08-2024T11:14:57 - [TEST_STEP][PASSED] - openBrowser(web1): Browser is opened with url: 'https://boost.web.apac-1.jumio.ai/web/v4/app?authorizationToken=eyJhbGciOiJIUzUxMiIsInppcCI6IkdaSVAifQ.H4sIAAAAAAAA_5XMyw2CQQgE4F72LAnwAwvePHq1g31RgYkmxt5d7cDbMHyZV1nPy72cC1U-LJjdhK2cShvjOnfvcXR2JeidBEQm75QGtmwihatQfvkPt5qBjg1w9QGicUC0TGBOt4VEdenGj1z_8HFbuTUjCzopEYkYqhIqyvf_G7PaG4c0aKkThKtD1332yLHnVGV6eX8AjW3GYfAAAAA.sc0x4d5PVvEXtkB0yZ0JR5bltkUhd4UCU1wVUIBj0oxuqea6H9899LKo3nXMzlvLgV66kfDgYCz7i-YbqX26Bg&locale=en'

15-08-2024T11:14:57 - [MESSAGE][INFO] - Starting 'Chrome' driver

15-08-2024T11:14:57 - [MESSAGE][INFO] - Action delay is set to 0 milliseconds

15-08-2024T11:15:01 - [MESSAGE][PASSED] - Browser is opened with url: 'https://boost.web.apac-1.jumio.ai/web/v4/app?authorizationToken=eyJhbGciOiJIUzUxMiIsInppcCI6IkdaSVAifQ.H4sIAAAAAAAA_5XMyw2CQQgE4F72LAnwAwvePHq1g31RgYkmxt5d7cDbMHyZV1nPy72cC1U-LJjdhK2cShvjOnfvcXR2JeidBEQm75QGtmwihatQfvkPt5qBjg1w9QGicUC0TGBOt4VEdenGj1z_8HFbuTUjCzopEYkYqhIqyvf_G7PaG4c0aKkThKtD1332yLHnVGV6eX8AjW3GYfAAAAA.sc0x4d5PVvEXtkB0yZ0JR5bltkUhd4UCU1wVUIBj0oxuqea6H9899LKo3nXMzlvLgV66kfDgYCz7i-YbqX26Bg&locale=en'

15-08-2024T11:15:01 - [TEST_STEP][PASSED] - click(findTestObject("Object Repository/WebUI/Page_Netverify - Start verification(SB)/button_Start")): Object: 'Object Repository/WebUI/Page_Netverify - Start verification(SB)/button_Start' is clicked on

15-08-2024T11:15:02 - [MESSAGE][PASSED] - Object: 'Object Repository/WebUI/Page_Netverify - Start verification(SB)/button_Start' is clicked on

15-08-2024T11:15:02 - [TEST_STEP][PASSED] - delay(30): Delayed 30 second(s)

15-08-2024T11:15:32 - [MESSAGE][PASSED] - Delayed 30 second(s)

15-08-2024T11:15:32 - [TEST_STEP][PASSED] - click(findTestObject("Object Repository/WebUI/Page_Netverify - Face verification(SB)/button_Start")): Object: 'Object Repository/WebUI/Page_Netverify - Face verification(SB)/button_Start' is clicked on

15-08-2024T11:15:33 - [MESSAGE][PASSED] - Object: 'Object Repository/WebUI/Page_Netverify - Face verification(SB)/button_Start' is clicked on

15-08-2024T11:15:33 - [TEST_STEP][PASSED] - delay(120): Delayed 120 second(s)

15-08-2024T11:17:33 - [MESSAGE][PASSED] - Delayed 120 second(s)

15-08-2024T11:17:33 - [TEST_STEP][PASSED] - closeBrowser(): Browser is closed

15-08-2024T11:17:33 - [MESSAGE][PASSED] - Browser is closed

15-08-2024T11:17:33 - [TEST_STEP][PASSED] - println("**************SERVER BIO PASSED**************"): null

15-08-2024T11:17:33 - [TEST_STEP][PASSED] - loanreq_id = Math.floor(Math.random() * 9000000000) + 1000000000: null

15-08-2024T11:17:33 - [TEST_STEP][PASSED] - email = Math.random() * 100: null

15-08-2024T11:17:33 - [TEST_STEP][PASSED] - BRN = Math.floor(Math.random() * 9000000000) + 1000000000: null

15-08-2024T11:17:33 - [TEST_STEP][PASSED] - println(loanreq_id): null

15-08-2024T11:17:33 - [TEST_STEP][PASSED] - println(BRN): null

15-08-2024T11:17:33 - [TEST_STEP][PASSED] - Loanresponse = sendRequest(findTestObject("EKYC Flow/Loan Onboarding", ["Token":Token, "loan_id":custloan_id, "loan_req_id":loanreq_id, "email":email, "BRN":BRN, "NRIC":IDV_Nric])): Send request successfully

15-08-2024T11:17:34 - [MESSAGE][INFO] - HAR: C:\Users\zulaikha_118633\git\EKYCFlow\Reports\20240815_111221\Customer IDV\20240815_111221\requests\main\7.har

15-08-2024T11:17:34 - [MESSAGE][PASSED] - Send request successfully

15-08-2024T11:17:34 - [TEST_STEP][PASSED] - println(Loanresponse.getResponseBodyContent()): null

15-08-2024T11:17:34 - [TEST_STEP][PASSED] - getStatusCode()).isEqualTo(200): null

15-08-2024T11:17:34 - [TEST_STEP][PASSED] - println(verifyElementPropertyValue(Loanresponse, "status", "PROCESSING")): Verify element property value successfully

15-08-2024T11:17:34 - [MESSAGE][PASSED] - Verify element property value successfully]]></system-out>
         <system-err><![CDATA[]]></system-err>
      </testcase>
      <system-out><![CDATA[15-08-2024T11:12:29 - [TEST_SUITE][PASSED] - Customer IDV: Test Cases/TC02_Customer_Idv]]></system-out>
      <system-err><![CDATA[]]></system-err>
   </testsuite>
</testsuites>
