<?xml version="1.0" encoding="UTF-8"?>
<testsuites name="Customer IDV" time="10.539" tests="1" failures="0" errors="0">
   <testsuite name="Customer IDV" tests="1" failures="0" errors="0" time="10.539" skipped="0" timestamp="13-08-2024T12:25:18" hostname="Zulaikha_118633 - 118633-001L-MY.adl.local" id="Test Suites/Customer IDV">
      <properties>
         <property name="deviceName" value=""/>
         <property name="devicePlatform"/>
         <property name="logFolder" value="C:\\Users\\zulaikha_118633\\git\\EKYCFlow\\Reports\\20240813_122512\\Customer IDV\\20240813_122512"/>
         <property name="logFiles" value="C:\\Users\\zulaikha_118633\\git\\EKYCFlow\\Reports\\20240813_122512\\Customer IDV\\20240813_122512\\execution0.log"/>
         <property name="attachments" value=""/>
         <property name="hostName" value="Zulaikha_118633 - 118633-001L-MY.adl.local"/>
         <property name="hostAddress" value="172.20.10.3"/>
         <property name="os" value="Windows 10 64bit"/>
         <property name="katalonVersion" value="9.6.0.217"/>
      </properties>
      <testcase name="Test Cases/TC02_Customer_Idv" time="10.034" classname="Test Cases/TC02_Customer_Idv" status="PASSED">
         <system-out><![CDATA[13-08-2024T12:25:19 - [TEST_CASE][PASSED] - Test Cases/TC02_Customer_Idv: Test Cases/TC02_Customer_Idv

13-08-2024T12:25:20 - [TEST_STEP][PASSED] - statreq_id = Math.floor(Math.random() * 9000000000) + 1000000000: null

13-08-2024T12:25:20 - [TEST_STEP][PASSED] - custloan_id = Math.floor(Math.random() * 9000000000) + 1000000000: null

13-08-2024T12:25:21 - [TEST_STEP][PASSED] - println(custloan_id): null

13-08-2024T12:25:21 - [TEST_STEP][PASSED] - response4 = sendRequest(findTestObject("EKYC Flow/Member Onboarding Status", ["stat_req_id":statreq_id, "NRIC":IDV_Nric])): Send request successfully

13-08-2024T12:25:24 - [MESSAGE][INFO] - HAR: C:\Users\zulaikha_118633\git\EKYCFlow\Reports\20240813_122512\Customer IDV\20240813_122512\requests\main\0.har

13-08-2024T12:25:24 - [MESSAGE][PASSED] - Send request successfully

13-08-2024T12:25:24 - [TEST_STEP][PASSED] - println(response4.getResponseBodyContent()): null

13-08-2024T12:25:24 - [TEST_STEP][PASSED] - getStatusCode()).isEqualTo(200): null

13-08-2024T12:25:24 - [TEST_STEP][PASSED] - println(verifyElementPropertyValue(response4, "exists", "true")): Verify element property value successfully

13-08-2024T12:25:24 - [MESSAGE][PASSED] - Verify element property value successfully

13-08-2024T12:25:24 - [TEST_STEP][PASSED] - exreq_id = Math.floor(Math.random() * 9000000000) + 1000000000: null

13-08-2024T12:25:24 - [TEST_STEP][PASSED] - println(custloan_id): null

13-08-2024T12:25:24 - [TEST_STEP][PASSED] - response5 = sendRequest(findTestObject("EKYC Flow/Member Existence Check", ["ex_loan_id":custloan_id, "ex_req_id":exreq_id, "NRIC":IDV_Nric])): Send request successfully

13-08-2024T12:25:25 - [MESSAGE][INFO] - HAR: C:\Users\zulaikha_118633\git\EKYCFlow\Reports\20240813_122512\Customer IDV\20240813_122512\requests\main\1.har

13-08-2024T12:25:25 - [MESSAGE][PASSED] - Send request successfully

13-08-2024T12:25:25 - [TEST_STEP][PASSED] - println(response5.getResponseBodyContent()): null

13-08-2024T12:25:25 - [TEST_STEP][PASSED] - getStatusCode()).isEqualTo(200): null

13-08-2024T12:25:25 - [TEST_STEP][PASSED] - println(verifyElementPropertyValue(response5, "exists", "true")): Verify element property value successfully

13-08-2024T12:25:25 - [MESSAGE][PASSED] - Verify element property value successfully

13-08-2024T12:25:25 - [TEST_STEP][PASSED] - println("**************MEMBER EXISTENCE PASSED**************"): null

13-08-2024T12:25:25 - [TEST_STEP][PASSED] - custreq_id = Math.floor(Math.random() * 9000000000) + 1000000000: null

13-08-2024T12:25:25 - [TEST_STEP][PASSED] - custloan_id = Math.floor(Math.random() * 9000000000) + 1000000000: null

13-08-2024T12:25:25 - [TEST_STEP][PASSED] - println(custloan_id): null

13-08-2024T12:25:25 - [TEST_STEP][PASSED] - response1 = sendRequest(findTestObject("EKYC Flow/Customer Risk Rating", ["cust_req_id":custreq_id, "cust_loan_id":custloan_id, "NRIC":IDV_Nric])): Send request successfully

13-08-2024T12:25:27 - [MESSAGE][INFO] - HAR: C:\Users\zulaikha_118633\git\EKYCFlow\Reports\20240813_122512\Customer IDV\20240813_122512\requests\main\2.har

13-08-2024T12:25:27 - [MESSAGE][PASSED] - Send request successfully

13-08-2024T12:25:27 - [TEST_STEP][PASSED] - println(response1.getResponseBodyContent()): null

13-08-2024T12:25:27 - [TEST_STEP][PASSED] - getStatusCode()).isEqualTo(200): null

13-08-2024T12:25:27 - [TEST_STEP][PASSED] - println(verifyElementPropertyValue(response1, "evaluationStatus", "Approve")): Verify element property value successfully

13-08-2024T12:25:27 - [MESSAGE][PASSED] - Verify element property value successfully

13-08-2024T12:25:27 - [TEST_STEP][PASSED] - println("**************CUSTOMER RISK RATING PASSED**************"): null

13-08-2024T12:25:27 - [TEST_STEP][PASSED] - indreq_id = Math.floor(Math.random() * 9000000000) + 1000000000: null

13-08-2024T12:25:27 - [TEST_STEP][PASSED] - response2 = sendRequest(findTestObject("EKYC Flow/Industry Risk Rating", ["ind_loan_id":custloan_id, "ind_req_id":indreq_id, "NRIC":IDV_Nric])): Send request successfully

13-08-2024T12:25:28 - [MESSAGE][INFO] - HAR: C:\Users\zulaikha_118633\git\EKYCFlow\Reports\20240813_122512\Customer IDV\20240813_122512\requests\main\3.har

13-08-2024T12:25:28 - [MESSAGE][PASSED] - Send request successfully

13-08-2024T12:25:28 - [TEST_STEP][PASSED] - println(response2.getResponseBodyContent()): null

13-08-2024T12:25:28 - [TEST_STEP][PASSED] - getStatusCode()).isEqualTo(200): null

13-08-2024T12:25:28 - [TEST_STEP][PASSED] - println(verifyElementPropertyValue(response2, "riskAssessmentType", "PROHIBITED_INDUSTRY")): Verify element property value successfully

13-08-2024T12:25:28 - [MESSAGE][PASSED] - Verify element property value successfully

13-08-2024T12:25:28 - [TEST_STEP][PASSED] - println(verifyElementPropertyValue(response2, "evaluationStatus", "Reject")): Verify element property value successfully

13-08-2024T12:25:28 - [MESSAGE][PASSED] - Verify element property value successfully

13-08-2024T12:25:28 - [TEST_STEP][PASSED] - println("**************INDUSTRY RISK RATING PASSED**************"): null

13-08-2024T12:25:28 - [TEST_STEP][PASSED] - comreq_id = Math.floor(Math.random() * 9000000000) + 1000000000: null

13-08-2024T12:25:28 - [TEST_STEP][PASSED] - response3 = sendRequest(findTestObject("EKYC Flow/Company Risk Rating", ["com_loan_id":custloan_id, "com_req_id":comreq_id, "NRIC":IDV_Nric])): Send request successfully

13-08-2024T12:25:29 - [MESSAGE][INFO] - HAR: C:\Users\zulaikha_118633\git\EKYCFlow\Reports\20240813_122512\Customer IDV\20240813_122512\requests\main\4.har

13-08-2024T12:25:29 - [MESSAGE][PASSED] - Send request successfully

13-08-2024T12:25:29 - [TEST_STEP][PASSED] - println(response3.getResponseBodyContent()): null

13-08-2024T12:25:29 - [TEST_STEP][PASSED] - getStatusCode()).isEqualTo(200): null

13-08-2024T12:25:29 - [TEST_STEP][PASSED] - println(verifyElementPropertyValue(response3, "riskAssessmentType", "COMPANY_RISK")): Verify element property value successfully

13-08-2024T12:25:29 - [MESSAGE][PASSED] - Verify element property value successfully

13-08-2024T12:25:29 - [TEST_STEP][PASSED] - println(verifyElementPropertyValue(response3, "evaluationStatus", "Reject")): Verify element property value successfully

13-08-2024T12:25:29 - [MESSAGE][PASSED] - Verify element property value successfully

13-08-2024T12:25:29 - [TEST_STEP][PASSED] - println("**************COMPANY RISK RATING PASSED**************"): null

13-08-2024T12:25:29 - [TEST_STEP][PASSED] - loanreq_id = Math.floor(Math.random() * 9000000000) + 1000000000: null

13-08-2024T12:25:29 - [TEST_STEP][PASSED] - email = Math.random() * 100: null

13-08-2024T12:25:29 - [TEST_STEP][PASSED] - BRN = Math.floor(Math.random() * 9000000000) + 1000000000: null

13-08-2024T12:25:29 - [TEST_STEP][PASSED] - println(loanreq_id): null

13-08-2024T12:25:29 - [TEST_STEP][PASSED] - println(BRN): null

13-08-2024T12:25:29 - [TEST_STEP][PASSED] - Loanresponse = sendRequest(findTestObject("EKYC Flow/Loan Onboarding", ["Token":Token, "loan_id":custloan_id, "loan_req_id":loanreq_id, "email":email, "BRN":BRN])): Send request successfully

13-08-2024T12:25:29 - [MESSAGE][INFO] - HAR: C:\Users\zulaikha_118633\git\EKYCFlow\Reports\20240813_122512\Customer IDV\20240813_122512\requests\main\5.har

13-08-2024T12:25:29 - [MESSAGE][PASSED] - Send request successfully

13-08-2024T12:25:29 - [TEST_STEP][PASSED] - println(Loanresponse.getResponseBodyContent()): null

13-08-2024T12:25:29 - [TEST_STEP][PASSED] - getStatusCode()).isEqualTo(200): null

13-08-2024T12:25:29 - [TEST_STEP][PASSED] - println(verifyElementPropertyValue(Loanresponse, "status", "PROCESSING")): Verify element property value successfully

13-08-2024T12:25:29 - [MESSAGE][PASSED] - Verify element property value successfully]]></system-out>
         <system-err><![CDATA[]]></system-err>
      </testcase>
      <system-out><![CDATA[13-08-2024T12:25:18 - [TEST_SUITE][PASSED] - Customer IDV: Test Cases/TC02_Customer_Idv]]></system-out>
      <system-err><![CDATA[]]></system-err>
   </testsuite>
</testsuites>
