<?xml version="1.0" encoding="UTF-8"?>
<testsuites name="New Nric" time="330.495" tests="1" failures="0" errors="0">
   <testsuite name="New Nric" tests="1" failures="0" errors="0" time="330.495" skipped="0" timestamp="14-08-2024T11:47:03" hostname="Zulaikha_118633 - 118633-001L-MY.adl.local" id="Test Suites/New Nric">
      <properties>
         <property name="deviceName" value=""/>
         <property name="devicePlatform"/>
         <property name="logFolder" value="C:\\Users\\zulaikha_118633\\git\\EKYCFlow\\Reports\\20240814_114651\\New Nric\\20240814_114651"/>
         <property name="logFiles" value="C:\\Users\\zulaikha_118633\\git\\EKYCFlow\\Reports\\20240814_114651\\New Nric\\20240814_114651\\execution0.log"/>
         <property name="attachments" value=""/>
         <property name="hostName" value="Zulaikha_118633 - 118633-001L-MY.adl.local"/>
         <property name="os" value="Windows 10 64bit"/>
         <property name="katalonVersion" value="9.6.0.217"/>
         <property name="browser" value="Chrome 127.0.0.0"/>
         <property name="hostAddress" value="172.20.10.3"/>
         <property name="sessionId" value="716f5e2bac2cd47ec20d909e4a38d55d"/>
         <property name="seleniumVersion" value="3.141.59"/>
         <property name="proxyInformation" value="ProxyInformation { proxyOption=NO_PROXY, proxyServerType=HTTP, username=, password=********, proxyServerAddress=, proxyServerPort=0, executionList=&quot;&quot;, isApplyToDesiredCapabilities=true }"/>
         <property name="platform" value="Windows 10"/>
      </properties>
      <testcase name="Test Cases/TC01_NEW_NRIC" time="329.984" classname="Test Cases/TC01_NEW_NRIC" status="PASSED">
         <system-out><![CDATA[14-08-2024T11:47:04 - [TEST_CASE][PASSED] - Test Cases/TC01_NEW_NRIC: Test Cases/TC01_NEW_NRIC

14-08-2024T11:47:05 - [TEST_STEP][PASSED] - custreq_id = Math.floor(Math.random() * 9000000000) + 1000000000: null

14-08-2024T11:47:05 - [TEST_STEP][PASSED] - custloan_id = Math.floor(Math.random() * 9000000000) + 1000000000: null

14-08-2024T11:47:05 - [TEST_STEP][PASSED] - println(custloan_id): null

14-08-2024T11:47:05 - [TEST_STEP][PASSED] - response1 = sendRequest(findTestObject("EKYC Flow/Customer Risk Rating", ["cust_req_id":custreq_id, "cust_loan_id":custloan_id, "NRIC":New_Nric])): Send request successfully

14-08-2024T11:47:11 - [MESSAGE][INFO] - HAR: C:\Users\zulaikha_118633\git\EKYCFlow\Reports\20240814_114651\New Nric\20240814_114651\requests\main\0.har

14-08-2024T11:47:11 - [MESSAGE][PASSED] - Send request successfully

14-08-2024T11:47:11 - [TEST_STEP][PASSED] - println(response1.getResponseBodyContent()): null

14-08-2024T11:47:11 - [TEST_STEP][PASSED] - getStatusCode()).isEqualTo(200): null

14-08-2024T11:47:12 - [TEST_STEP][PASSED] - println(verifyElementPropertyValue(response1, "evaluationStatus", "Approve")): Verify element property value successfully

14-08-2024T11:47:12 - [MESSAGE][PASSED] - Verify element property value successfully

14-08-2024T11:47:12 - [TEST_STEP][PASSED] - println("**************CUSTOMER RISK RATING PASSED**************"): null

14-08-2024T11:47:12 - [TEST_STEP][PASSED] - indreq_id = Math.floor(Math.random() * 9000000000) + 1000000000: null

14-08-2024T11:47:12 - [TEST_STEP][PASSED] - response2 = sendRequest(findTestObject("EKYC Flow/Industry Risk Rating", ["ind_loan_id":custloan_id, "ind_req_id":indreq_id, "NRIC":New_Nric])): Send request successfully

14-08-2024T11:47:13 - [MESSAGE][INFO] - HAR: C:\Users\zulaikha_118633\git\EKYCFlow\Reports\20240814_114651\New Nric\20240814_114651\requests\main\1.har

14-08-2024T11:47:13 - [MESSAGE][PASSED] - Send request successfully

14-08-2024T11:47:13 - [TEST_STEP][PASSED] - println(response2.getResponseBodyContent()): null

14-08-2024T11:47:13 - [TEST_STEP][PASSED] - getStatusCode()).isEqualTo(200): null

14-08-2024T11:47:13 - [TEST_STEP][PASSED] - println(verifyElementPropertyValue(response2, "riskAssessmentType", "PROHIBITED_INDUSTRY")): Verify element property value successfully

14-08-2024T11:47:13 - [MESSAGE][PASSED] - Verify element property value successfully

14-08-2024T11:47:13 - [TEST_STEP][PASSED] - println(verifyElementPropertyValue(response2, "evaluationStatus", "Reject")): Verify element property value successfully

14-08-2024T11:47:13 - [MESSAGE][PASSED] - Verify element property value successfully

14-08-2024T11:47:13 - [TEST_STEP][PASSED] - println("**************INDUSTRY RISK RATING PASSED**************"): null

14-08-2024T11:47:13 - [TEST_STEP][PASSED] - comreq_id = Math.floor(Math.random() * 9000000000) + 1000000000: null

14-08-2024T11:47:13 - [TEST_STEP][PASSED] - response3 = sendRequest(findTestObject("EKYC Flow/Company Risk Rating", ["com_loan_id":custloan_id, "com_req_id":comreq_id, "NRIC":New_Nric])): Send request successfully

14-08-2024T11:47:14 - [MESSAGE][INFO] - HAR: C:\Users\zulaikha_118633\git\EKYCFlow\Reports\20240814_114651\New Nric\20240814_114651\requests\main\2.har

14-08-2024T11:47:14 - [MESSAGE][PASSED] - Send request successfully

14-08-2024T11:47:14 - [TEST_STEP][PASSED] - println(response3.getResponseBodyContent()): null

14-08-2024T11:47:14 - [TEST_STEP][PASSED] - getStatusCode()).isEqualTo(200): null

14-08-2024T11:47:14 - [TEST_STEP][PASSED] - println(verifyElementPropertyValue(response3, "riskAssessmentType", "COMPANY_RISK")): Verify element property value successfully

14-08-2024T11:47:14 - [MESSAGE][PASSED] - Verify element property value successfully

14-08-2024T11:47:14 - [TEST_STEP][PASSED] - println(verifyElementPropertyValue(response3, "evaluationStatus", "Reject")): Verify element property value successfully

14-08-2024T11:47:14 - [MESSAGE][PASSED] - Verify element property value successfully

14-08-2024T11:47:14 - [TEST_STEP][PASSED] - println("**************COMPANY RISK RATING PASSED**************"): null

14-08-2024T11:47:14 - [TEST_STEP][PASSED] - statreq_id = Math.floor(Math.random() * 9000000000) + 1000000000: null

14-08-2024T11:47:14 - [TEST_STEP][PASSED] - custloan_id = Math.floor(Math.random() * 9000000000) + 1000000000: null

14-08-2024T11:47:14 - [TEST_STEP][PASSED] - println(custloan_id): null

14-08-2024T11:47:14 - [TEST_STEP][PASSED] - response4 = sendRequest(findTestObject("EKYC Flow/Member Onboarding Status", ["stat_req_id":statreq_id])): Send request successfully

14-08-2024T11:47:14 - [MESSAGE][INFO] - HAR: C:\Users\zulaikha_118633\git\EKYCFlow\Reports\20240814_114651\New Nric\20240814_114651\requests\main\3.har

14-08-2024T11:47:14 - [MESSAGE][PASSED] - Send request successfully

14-08-2024T11:47:14 - [TEST_STEP][PASSED] - println(response4.getResponseBodyContent()): null

14-08-2024T11:47:14 - [TEST_STEP][PASSED] - getStatusCode()).isEqualTo(200): null

14-08-2024T11:47:14 - [TEST_STEP][PASSED] - println(verifyElementPropertyValue(response4, "exists", "true")): Verify element property value successfully

14-08-2024T11:47:14 - [MESSAGE][PASSED] - Verify element property value successfully

14-08-2024T11:47:14 - [TEST_STEP][PASSED] - exreq_id = Math.floor(Math.random() * 9000000000) + 1000000000: null

14-08-2024T11:47:14 - [TEST_STEP][PASSED] - response5 = sendRequest(findTestObject("EKYC Flow/Member Existence Check", ["ex_loan_id":custloan_id, "ex_req_id":exreq_id, "NRIC":New_Nric])): Send request successfully

14-08-2024T11:47:15 - [MESSAGE][INFO] - HAR: C:\Users\zulaikha_118633\git\EKYCFlow\Reports\20240814_114651\New Nric\20240814_114651\requests\main\4.har

14-08-2024T11:47:15 - [MESSAGE][PASSED] - Send request successfully

14-08-2024T11:47:15 - [TEST_STEP][PASSED] - println(response5.getResponseBodyContent()): null

14-08-2024T11:47:15 - [TEST_STEP][PASSED] - getStatusCode()).isEqualTo(200): null

14-08-2024T11:47:15 - [TEST_STEP][PASSED] - println(verifyElementPropertyValue(response5, "exists", "true")): Verify element property value successfully

14-08-2024T11:47:15 - [MESSAGE][PASSED] - Verify element property value successfully

14-08-2024T11:47:15 - [TEST_STEP][PASSED] - println("**************MEMBER EXISTENCE PASSED**************"): null

14-08-2024T11:47:15 - [TEST_STEP][PASSED] - ekycreq_id = Math.floor(Math.random() * 9000000000) + 1000000000: null

14-08-2024T11:47:15 - [TEST_STEP][PASSED] - custloan_id = Math.floor(Math.random() * 9000000000) + 1000000000: null

14-08-2024T11:47:15 - [TEST_STEP][PASSED] - response6 = sendRequest(findTestObject("EKYC Flow/Fully EKYC", ["ekyc_loan_id":custloan_id, "ekyc_req_id":ekycreq_id, "NRIC":New_Nric])): Send request successfully

14-08-2024T11:47:15 - [MESSAGE][INFO] - HAR: C:\Users\zulaikha_118633\git\EKYCFlow\Reports\20240814_114651\New Nric\20240814_114651\requests\main\5.har

14-08-2024T11:47:15 - [MESSAGE][PASSED] - Send request successfully

14-08-2024T11:47:15 - [TEST_STEP][PASSED] - println(response6.getResponseBodyContent()): null

14-08-2024T11:47:15 - [TEST_STEP][PASSED] - getStatusCode()).isEqualTo(200): null

14-08-2024T11:47:15 - [TEST_STEP][PASSED] - web = getElementPropertyValue(response6, "webUrl"): null

14-08-2024T11:47:15 - [TEST_STEP][PASSED] - println(web): null

14-08-2024T11:47:15 - [TEST_STEP][PASSED] - openBrowser(web): Browser is opened with url: 'https://boost.web.apac-1.jumio.ai/web/v4/app?authorizationToken=eyJhbGciOiJIUzUxMiIsInppcCI6IkdaSVAifQ.H4sIAAAAAAAA_5XOQQ5CMQgE0Lt0LQmlUFp3Lt16A1rKCUw0Md7d338Dl8y8TPik9b490zVlpVJRGwmSpkuyOe9-5J21e0GBOYoDExGMqAYRnnFFCYy2-YnJvM4aAb0QA8s06J0C1lJziurO9cCvWP_w-VixNRJjy5wzK3IhEWmUd3-OVR1GnQ0sZD-qDYYc5-gxo1UR9pa-P__RAXPwAAAA.ylQtKDCg14RZGn01ENHdfgr3Hf-bkNv_Xal4yBEAEt_pMhCQuV44rCqGOJhRlOzXZHVkhgRsc7Zwgh9Kx6_zCg&locale=en'

14-08-2024T11:47:16 - [MESSAGE][INFO] - Starting 'Chrome' driver

14-08-2024T11:47:16 - [MESSAGE][INFO] - Action delay is set to 0 milliseconds

14-08-2024T11:47:23 - [MESSAGE][PASSED] - Browser is opened with url: 'https://boost.web.apac-1.jumio.ai/web/v4/app?authorizationToken=eyJhbGciOiJIUzUxMiIsInppcCI6IkdaSVAifQ.H4sIAAAAAAAA_5XOQQ5CMQgE0Lt0LQmlUFp3Lt16A1rKCUw0Md7d338Dl8y8TPik9b490zVlpVJRGwmSpkuyOe9-5J21e0GBOYoDExGMqAYRnnFFCYy2-YnJvM4aAb0QA8s06J0C1lJziurO9cCvWP_w-VixNRJjy5wzK3IhEWmUd3-OVR1GnQ0sZD-qDYYc5-gxo1UR9pa-P__RAXPwAAAA.ylQtKDCg14RZGn01ENHdfgr3Hf-bkNv_Xal4yBEAEt_pMhCQuV44rCqGOJhRlOzXZHVkhgRsc7Zwgh9Kx6_zCg&locale=en'

14-08-2024T11:47:23 - [TEST_STEP][PASSED] - click(findTestObject("Object Repository/WebUI/Page_Netverify - Start verification(fully)/button_Start")): Object: 'Object Repository/WebUI/Page_Netverify - Start verification(fully)/button_Start' is clicked on

14-08-2024T11:47:25 - [MESSAGE][PASSED] - Object: 'Object Repository/WebUI/Page_Netverify - Start verification(fully)/button_Start' is clicked on

14-08-2024T11:47:25 - [TEST_STEP][PASSED] - click(findTestObject("Object Repository/WebUI/Page_Netverify - Choose an upload method(fully)/button_Continue on mobile")): Object: 'Object Repository/WebUI/Page_Netverify - Choose an upload method(fully)/button_Continue on mobile' is clicked on

14-08-2024T11:47:27 - [MESSAGE][PASSED] - Object: 'Object Repository/WebUI/Page_Netverify - Choose an upload method(fully)/button_Continue on mobile' is clicked on

14-08-2024T11:47:27 - [TEST_STEP][PASSED] - delay(180): Delayed 180 second(s)

14-08-2024T11:50:27 - [MESSAGE][PASSED] - Delayed 180 second(s)

14-08-2024T11:50:27 - [TEST_STEP][PASSED] - closeBrowser(): Browser is closed

14-08-2024T11:50:27 - [MESSAGE][PASSED] - Browser is closed

14-08-2024T11:50:27 - [TEST_STEP][PASSED] - println("**************FULLY EKYC PASSED**************"): null

14-08-2024T11:50:27 - [TEST_STEP][PASSED] - serreq_id = Math.floor(Math.random() * 9000000000) + 1000000000: null

14-08-2024T11:50:27 - [TEST_STEP][PASSED] - response7 = sendRequest(findTestObject("EKYC Flow/Server Bio", ["ser_loan_id":custloan_id, "ser_req_id":serreq_id, "NRIC":New_Nric])): Send request successfully

14-08-2024T11:50:28 - [MESSAGE][INFO] - HAR: C:\Users\zulaikha_118633\git\EKYCFlow\Reports\20240814_114651\New Nric\20240814_114651\requests\main\6.har

14-08-2024T11:50:28 - [MESSAGE][PASSED] - Send request successfully

14-08-2024T11:50:28 - [TEST_STEP][PASSED] - println(response7.getResponseBodyContent()): null

14-08-2024T11:50:28 - [TEST_STEP][PASSED] - getStatusCode()).isEqualTo(200): null

14-08-2024T11:50:28 - [TEST_STEP][PASSED] - web1 = getElementPropertyValue(response7, "webUrl"): null

14-08-2024T11:50:28 - [TEST_STEP][PASSED] - println(web1): null

14-08-2024T11:50:28 - [TEST_STEP][PASSED] - openBrowser(web1): Browser is opened with url: 'https://boost.web.apac-1.jumio.ai/web/v4/app?authorizationToken=eyJhbGciOiJIUzUxMiIsInppcCI6IkdaSVAifQ.H4sIAAAAAAAA_5XOQQ5CMQgE0Lt0LQlQKK07l269QUvLCUw0Md7d_n8Dl8O8kPmk9b490zWRcS5YkawopUvq7ve5702szYwKPvIEYWYYUTpETMIVOTDqwU-cydzJJ3AwglSc0EkyODOSiOEk3fgV6x_ujxVbM7JgJSHSvVKJuanZ0Z_Pio3OTTr00GOoVRi642jhUYuqzJq-P388GUfwAAAA.R7HKzTnYSlh1Q0coviRR9mQtKiOZlcCkGlHCqOqty9Potp7z5CMmEwWoxNxvPCTzI3kSqvEEgsyi15MB3m_JLw&locale=en'

14-08-2024T11:50:28 - [MESSAGE][INFO] - Starting 'Chrome' driver

14-08-2024T11:50:28 - [MESSAGE][INFO] - Action delay is set to 0 milliseconds

14-08-2024T11:50:32 - [MESSAGE][PASSED] - Browser is opened with url: 'https://boost.web.apac-1.jumio.ai/web/v4/app?authorizationToken=eyJhbGciOiJIUzUxMiIsInppcCI6IkdaSVAifQ.H4sIAAAAAAAA_5XOQQ5CMQgE0Lt0LQlQKK07l269QUvLCUw0Md7d_n8Dl8O8kPmk9b490zWRcS5YkawopUvq7ve5702szYwKPvIEYWYYUTpETMIVOTDqwU-cydzJJ3AwglSc0EkyODOSiOEk3fgV6x_ujxVbM7JgJSHSvVKJuanZ0Z_Pio3OTTr00GOoVRi642jhUYuqzJq-P388GUfwAAAA.R7HKzTnYSlh1Q0coviRR9mQtKiOZlcCkGlHCqOqty9Potp7z5CMmEwWoxNxvPCTzI3kSqvEEgsyi15MB3m_JLw&locale=en'

14-08-2024T11:50:32 - [TEST_STEP][PASSED] - click(findTestObject("Object Repository/WebUI/Page_Netverify - Start verification(SB)/button_Start")): Object: 'Object Repository/WebUI/Page_Netverify - Start verification(SB)/button_Start' is clicked on

14-08-2024T11:50:33 - [MESSAGE][PASSED] - Object: 'Object Repository/WebUI/Page_Netverify - Start verification(SB)/button_Start' is clicked on

14-08-2024T11:50:33 - [TEST_STEP][PASSED] - delay(30): Delayed 30 second(s)

14-08-2024T11:51:03 - [MESSAGE][PASSED] - Delayed 30 second(s)

14-08-2024T11:51:03 - [TEST_STEP][PASSED] - click(findTestObject("Object Repository/WebUI/Page_Netverify - Face verification(SB)/button_Start")): Object: 'Object Repository/WebUI/Page_Netverify - Face verification(SB)/button_Start' is clicked on

14-08-2024T11:51:03 - [MESSAGE][PASSED] - Object: 'Object Repository/WebUI/Page_Netverify - Face verification(SB)/button_Start' is clicked on

14-08-2024T11:51:03 - [TEST_STEP][PASSED] - delay(90): Delayed 90 second(s)

14-08-2024T11:52:33 - [MESSAGE][PASSED] - Delayed 90 second(s)

14-08-2024T11:52:33 - [TEST_STEP][PASSED] - closeBrowser(): Browser is closed

14-08-2024T11:52:33 - [MESSAGE][PASSED] - Browser is closed

14-08-2024T11:52:33 - [TEST_STEP][PASSED] - println("**************SERVER BIO PASSED**************"): null

14-08-2024T11:52:33 - [TEST_STEP][PASSED] - loanreq_id = Math.floor(Math.random() * 9000000000) + 1000000000: null

14-08-2024T11:52:33 - [TEST_STEP][PASSED] - email = Math.random() * 100: null

14-08-2024T11:52:33 - [TEST_STEP][PASSED] - BRN = Math.floor(Math.random() * 9000000000) + 1000000000: null

14-08-2024T11:52:33 - [TEST_STEP][PASSED] - println(loanreq_id): null

14-08-2024T11:52:33 - [TEST_STEP][PASSED] - println(BRN): null

14-08-2024T11:52:33 - [TEST_STEP][PASSED] - Loanresponse = sendRequest(findTestObject("EKYC Flow/Loan Onboarding", ["Token":Token, "loan_id":custloan_id, "loan_req_id":loanreq_id, "email":email, "BRN":BRN, "NRIC":New_Nric])): Send request successfully

14-08-2024T11:52:34 - [MESSAGE][INFO] - HAR: C:\Users\zulaikha_118633\git\EKYCFlow\Reports\20240814_114651\New Nric\20240814_114651\requests\main\7.har

14-08-2024T11:52:34 - [MESSAGE][PASSED] - Send request successfully

14-08-2024T11:52:34 - [TEST_STEP][PASSED] - println(Loanresponse.getResponseBodyContent()): null

14-08-2024T11:52:34 - [TEST_STEP][PASSED] - getStatusCode()).isEqualTo(200): null

14-08-2024T11:52:34 - [TEST_STEP][PASSED] - println(verifyElementPropertyValue(Loanresponse, "status", "PROCESSING")): Verify element property value successfully

14-08-2024T11:52:34 - [MESSAGE][PASSED] - Verify element property value successfully]]></system-out>
         <system-err><![CDATA[]]></system-err>
      </testcase>
      <system-out><![CDATA[14-08-2024T11:47:03 - [TEST_SUITE][PASSED] - New Nric: Test Cases/TC01_NEW_NRIC]]></system-out>
      <system-err><![CDATA[]]></system-err>
   </testsuite>
</testsuites>
