<?xml version="1.0" encoding="UTF-8"?>
<testsuites name="New Test Suite" time="5.934" tests="1" failures="0" errors="0">
   <testsuite name="New Test Suite" tests="1" failures="0" errors="0" time="5.934" skipped="0" timestamp="01-08-2024T10:46:30" hostname="Zulaikha_118633 - 118633-001L-MY.adl.local" id="Test Suites/New Test Suite">
      <properties>
         <property name="deviceName" value=""/>
         <property name="devicePlatform"/>
         <property name="logFolder" value="C:\\Users\\zulaikha_118633\\git\\EKYCFlow\\Reports\\20240801_104621\\New Test Suite\\20240801_104621"/>
         <property name="logFiles" value="C:\\Users\\zulaikha_118633\\git\\EKYCFlow\\Reports\\20240801_104621\\New Test Suite\\20240801_104621\\execution0.log"/>
         <property name="attachments" value=""/>
         <property name="hostName" value="Zulaikha_118633 - 118633-001L-MY.adl.local"/>
         <property name="hostAddress" value="172.20.10.3"/>
         <property name="os" value="Windows 10 64bit"/>
         <property name="katalonVersion" value="9.6.0.217"/>
      </properties>
      <testcase name="Test Cases/TC02_Customer_Idv" time="5.696" classname="Test Cases/TC02_Customer_Idv" status="PASSED">
         <system-out><![CDATA[01-08-2024T10:46:30 - [TEST_CASE][PASSED] - Test Cases/TC02_Customer_Idv: Test Cases/TC02_Customer_Idv

01-08-2024T10:46:31 - [TEST_STEP][PASSED] - custreq_id = Math.floor(Math.random() * 9000000000) + 1000000000: null

01-08-2024T10:46:31 - [TEST_STEP][PASSED] - custloan_id = Math.floor(Math.random() * 9000000000) + 1000000000: null

01-08-2024T10:46:31 - [TEST_STEP][PASSED] - println(custloan_id): null

01-08-2024T10:46:31 - [TEST_STEP][PASSED] - response1 = sendRequest(findTestObject("EKYC Flow/Customer Risk Rating", ["cust_req_id":custreq_id, "cust_loan_id":custloan_id, "IDV_Nric":IDV_Nric])): Send request successfully

01-08-2024T10:46:35 - [MESSAGE][INFO] - HAR: C:\Users\zulaikha_118633\git\EKYCFlow\Reports\20240801_104621\New Test Suite\20240801_104621\requests\main\0.har

01-08-2024T10:46:35 - [MESSAGE][PASSED] - Send request successfully

01-08-2024T10:46:35 - [TEST_STEP][PASSED] - println(response1.getResponseBodyContent()): null

01-08-2024T10:46:35 - [TEST_STEP][PASSED] - getStatusCode()).isEqualTo(200): null

01-08-2024T10:46:36 - [TEST_STEP][PASSED] - println(verifyElementPropertyValue(response1, "evaluationStatus", "Approve")): Verify element property value successfully

01-08-2024T10:46:36 - [MESSAGE][PASSED] - Verify element property value successfully

01-08-2024T10:46:36 - [TEST_STEP][PASSED] - println("**************CUSTOMER RISK RATING PASSED**************"): null]]></system-out>
         <system-err><![CDATA[]]></system-err>
      </testcase>
      <system-out><![CDATA[01-08-2024T10:46:30 - [TEST_SUITE][PASSED] - New Test Suite: Test Cases/TC02_Customer_Idv]]></system-out>
      <system-err><![CDATA[]]></system-err>
   </testsuite>
</testsuites>
