<?xml version="1.0" encoding="UTF-8"?>
<testsuites name="New Nric" time="129.831" tests="1" failures="0" errors="0">
   <testsuite name="New Nric" tests="1" failures="0" errors="0" time="129.831" skipped="0" timestamp="01-08-2024T18:15:04" hostname="Zulaikha_118633 - 118633-001L-MY.adl.local" id="Test Suites/New Nric">
      <properties>
         <property name="deviceName" value=""/>
         <property name="devicePlatform"/>
         <property name="logFolder" value="C:\\Users\\zulaikha_118633\\git\\EKYCFlow\\Reports\\20240801_181459\\New Nric\\20240801_181459"/>
         <property name="logFiles" value="C:\\Users\\zulaikha_118633\\git\\EKYCFlow\\Reports\\20240801_181459\\New Nric\\20240801_181459\\execution0.log"/>
         <property name="attachments" value=""/>
         <property name="hostName" value="Zulaikha_118633 - 118633-001L-MY.adl.local"/>
         <property name="os" value="Windows 10 64bit"/>
         <property name="katalonVersion" value="9.6.0.217"/>
         <property name="browser" value="Chrome 127.0.0.0"/>
         <property name="hostAddress" value="172.20.10.3"/>
         <property name="sessionId" value="af4b38d812cad5650735944b16b9114b"/>
         <property name="seleniumVersion" value="3.141.59"/>
         <property name="proxyInformation" value="ProxyInformation { proxyOption=NO_PROXY, proxyServerType=HTTP, username=, password=********, proxyServerAddress=, proxyServerPort=0, executionList=&quot;&quot;, isApplyToDesiredCapabilities=true }"/>
         <property name="platform" value="Windows 10"/>
      </properties>
      <testcase name="Test Cases/TC01_NEW_NRIC" time="129.571" classname="Test Cases/TC01_NEW_NRIC" status="PASSED">
         <system-out><![CDATA[01-08-2024T18:15:04 - [TEST_CASE][PASSED] - Test Cases/TC01_NEW_NRIC: Test Cases/TC01_NEW_NRIC

01-08-2024T18:15:05 - [TEST_STEP][PASSED] - custreq_id = Math.floor(Math.random() * 9000000000) + 1000000000: null

01-08-2024T18:15:05 - [TEST_STEP][PASSED] - custloan_id = Math.floor(Math.random() * 9000000000) + 1000000000: null

01-08-2024T18:15:05 - [TEST_STEP][PASSED] - println(custloan_id): null

01-08-2024T18:15:05 - [TEST_STEP][PASSED] - response1 = sendRequest(findTestObject("EKYC Flow/Customer Risk Rating", ["cust_req_id":custreq_id, "cust_loan_id":custloan_id, "NRIC":New_Nric])): Send request successfully

01-08-2024T18:15:09 - [MESSAGE][INFO] - HAR: C:\Users\zulaikha_118633\git\EKYCFlow\Reports\20240801_181459\New Nric\20240801_181459\requests\main\0.har

01-08-2024T18:15:09 - [MESSAGE][PASSED] - Send request successfully

01-08-2024T18:15:09 - [TEST_STEP][PASSED] - println(response1.getResponseBodyContent()): null

01-08-2024T18:15:09 - [TEST_STEP][PASSED] - getStatusCode()).isEqualTo(200): null

01-08-2024T18:15:09 - [TEST_STEP][PASSED] - println(verifyElementPropertyValue(response1, "evaluationStatus", "Approve")): Verify element property value successfully

01-08-2024T18:15:09 - [MESSAGE][PASSED] - Verify element property value successfully

01-08-2024T18:15:09 - [TEST_STEP][PASSED] - println("**************CUSTOMER RISK RATING PASSED**************"): null

01-08-2024T18:15:09 - [TEST_STEP][PASSED] - indreq_id = Math.floor(Math.random() * 9000000000) + 1000000000: null

01-08-2024T18:15:09 - [TEST_STEP][PASSED] - response2 = sendRequest(findTestObject("EKYC Flow/Industry Risk Rating", ["ind_loan_id":custloan_id, "ind_req_id":indreq_id, "NRIC":New_Nric])): Send request successfully

01-08-2024T18:15:12 - [MESSAGE][INFO] - HAR: C:\Users\zulaikha_118633\git\EKYCFlow\Reports\20240801_181459\New Nric\20240801_181459\requests\main\1.har

01-08-2024T18:15:12 - [MESSAGE][PASSED] - Send request successfully

01-08-2024T18:15:12 - [TEST_STEP][PASSED] - println(response2.getResponseBodyContent()): null

01-08-2024T18:15:12 - [TEST_STEP][PASSED] - getStatusCode()).isEqualTo(200): null

01-08-2024T18:15:12 - [TEST_STEP][PASSED] - println(verifyElementPropertyValue(response2, "riskAssessmentType", "PROHIBITED_INDUSTRY")): Verify element property value successfully

01-08-2024T18:15:12 - [MESSAGE][PASSED] - Verify element property value successfully

01-08-2024T18:15:12 - [TEST_STEP][PASSED] - println(verifyElementPropertyValue(response2, "evaluationStatus", "Reject")): Verify element property value successfully

01-08-2024T18:15:13 - [MESSAGE][PASSED] - Verify element property value successfully

01-08-2024T18:15:13 - [TEST_STEP][PASSED] - println("**************INDUSTRY RISK RATING PASSED**************"): null

01-08-2024T18:15:13 - [TEST_STEP][PASSED] - comreq_id = Math.floor(Math.random() * 9000000000) + 1000000000: null

01-08-2024T18:15:13 - [TEST_STEP][PASSED] - response3 = sendRequest(findTestObject("EKYC Flow/Company Risk Rating", ["com_loan_id":custloan_id, "com_req_id":comreq_id, "NRIC":New_Nric])): Send request successfully

01-08-2024T18:15:13 - [MESSAGE][INFO] - HAR: C:\Users\zulaikha_118633\git\EKYCFlow\Reports\20240801_181459\New Nric\20240801_181459\requests\main\2.har

01-08-2024T18:15:13 - [MESSAGE][PASSED] - Send request successfully

01-08-2024T18:15:13 - [TEST_STEP][PASSED] - println(response3.getResponseBodyContent()): null

01-08-2024T18:15:13 - [TEST_STEP][PASSED] - getStatusCode()).isEqualTo(200): null

01-08-2024T18:15:13 - [TEST_STEP][PASSED] - println(verifyElementPropertyValue(response3, "riskAssessmentType", "COMPANY_RISK")): Verify element property value successfully

01-08-2024T18:15:13 - [MESSAGE][PASSED] - Verify element property value successfully

01-08-2024T18:15:13 - [TEST_STEP][PASSED] - println(verifyElementPropertyValue(response3, "evaluationStatus", "Reject")): Verify element property value successfully

01-08-2024T18:15:14 - [MESSAGE][PASSED] - Verify element property value successfully

01-08-2024T18:15:14 - [TEST_STEP][PASSED] - println("**************COMPANY RISK RATING PASSED**************"): null

01-08-2024T18:15:14 - [TEST_STEP][PASSED] - statreq_id = Math.floor(Math.random() * 9000000000) + 1000000000: null

01-08-2024T18:15:14 - [TEST_STEP][PASSED] - custloan_id = Math.floor(Math.random() * 9000000000) + 1000000000: null

01-08-2024T18:15:14 - [TEST_STEP][PASSED] - println(custloan_id): null

01-08-2024T18:15:14 - [TEST_STEP][PASSED] - response4 = sendRequest(findTestObject("EKYC Flow/Member Onboarding Status", ["stat_req_id":statreq_id])): Send request successfully

01-08-2024T18:15:14 - [MESSAGE][INFO] - HAR: C:\Users\zulaikha_118633\git\EKYCFlow\Reports\20240801_181459\New Nric\20240801_181459\requests\main\3.har

01-08-2024T18:15:14 - [MESSAGE][PASSED] - Send request successfully

01-08-2024T18:15:14 - [TEST_STEP][PASSED] - println(response4.getResponseBodyContent()): null

01-08-2024T18:15:14 - [TEST_STEP][PASSED] - getStatusCode()).isEqualTo(200): null

01-08-2024T18:15:14 - [TEST_STEP][PASSED] - println(verifyElementPropertyValue(response4, "exists", "true")): Verify element property value successfully

01-08-2024T18:15:14 - [MESSAGE][PASSED] - Verify element property value successfully

01-08-2024T18:15:14 - [TEST_STEP][PASSED] - exreq_id = Math.floor(Math.random() * 9000000000) + 1000000000: null

01-08-2024T18:15:14 - [TEST_STEP][PASSED] - response5 = sendRequest(findTestObject("EKYC Flow/Member Existence Check", ["ex_loan_id":custloan_id, "ex_req_id":exreq_id, "NRIC":New_Nric])): Send request successfully

01-08-2024T18:15:14 - [MESSAGE][INFO] - HAR: C:\Users\zulaikha_118633\git\EKYCFlow\Reports\20240801_181459\New Nric\20240801_181459\requests\main\4.har

01-08-2024T18:15:14 - [MESSAGE][PASSED] - Send request successfully

01-08-2024T18:15:14 - [TEST_STEP][PASSED] - println(response5.getResponseBodyContent()): null

01-08-2024T18:15:14 - [TEST_STEP][PASSED] - getStatusCode()).isEqualTo(200): null

01-08-2024T18:15:14 - [TEST_STEP][PASSED] - println(verifyElementPropertyValue(response5, "exists", "true")): Verify element property value successfully

01-08-2024T18:15:14 - [MESSAGE][PASSED] - Verify element property value successfully

01-08-2024T18:15:14 - [TEST_STEP][PASSED] - println("**************MEMBER EXISTENCE PASSED**************"): null

01-08-2024T18:15:14 - [TEST_STEP][PASSED] - ekycreq_id = Math.floor(Math.random() * 9000000000) + 1000000000: null

01-08-2024T18:15:14 - [TEST_STEP][PASSED] - custloan_id = Math.floor(Math.random() * 9000000000) + 1000000000: null

01-08-2024T18:15:14 - [TEST_STEP][PASSED] - response6 = sendRequest(findTestObject("EKYC Flow/Fully EKYC", ["ekyc_loan_id":custloan_id, "ekyc_req_id":ekycreq_id, "NRIC":New_Nric])): Send request successfully

01-08-2024T18:15:15 - [MESSAGE][INFO] - HAR: C:\Users\zulaikha_118633\git\EKYCFlow\Reports\20240801_181459\New Nric\20240801_181459\requests\main\5.har

01-08-2024T18:15:15 - [MESSAGE][PASSED] - Send request successfully

01-08-2024T18:15:15 - [TEST_STEP][PASSED] - println(response6.getResponseBodyContent()): null

01-08-2024T18:15:15 - [TEST_STEP][PASSED] - getStatusCode()).isEqualTo(200): null

01-08-2024T18:15:15 - [TEST_STEP][PASSED] - web = getElementPropertyValue(response6, "webUrl"): null

01-08-2024T18:15:15 - [TEST_STEP][PASSED] - println(web): null

01-08-2024T18:15:15 - [TEST_STEP][PASSED] - openBrowser(web): Browser is opened with url: 'https://boost.web.apac-1.jumio.ai/web/v4/app?authorizationToken=eyJhbGciOiJIUzUxMiIsInppcCI6IkdaSVAifQ.H4sIAAAAAAAA_5XMQQ5CMQgE0Lt0LQmlUFp3Lt16g9LCCUw0Md7d_n8DN5MwvMwn-fv2TNeUlUhQO7LWmi5pzHlfu28TA3Ua4BIDNlcYi2NHF7HiQ7Me_MToLjplQZPYGFXAolYwQi0rVkcvG7_C_-Hz4bE1ITE2zLllQWYtNWuh43-OVbVBnQeM2ItM2sBkn9ZjRqsivFr6_gDuDwrS8AAAAA.fum9D5E83FSX5jUw5NdIDmc1iaQmi0wrWNxeNKb_95zEpP4K1F87myBKvztwW-hIm41jneXtOwOwTd2vwmU7gg&locale=en'

01-08-2024T18:15:15 - [MESSAGE][INFO] - Starting 'Chrome' driver

01-08-2024T18:15:15 - [MESSAGE][INFO] - Action delay is set to 0 milliseconds

01-08-2024T18:15:18 - [MESSAGE][PASSED] - Browser is opened with url: 'https://boost.web.apac-1.jumio.ai/web/v4/app?authorizationToken=eyJhbGciOiJIUzUxMiIsInppcCI6IkdaSVAifQ.H4sIAAAAAAAA_5XMQQ5CMQgE0Lt0LQmlUFp3Lt16g9LCCUw0Md7d_n8DN5MwvMwn-fv2TNeUlUhQO7LWmi5pzHlfu28TA3Ua4BIDNlcYi2NHF7HiQ7Me_MToLjplQZPYGFXAolYwQi0rVkcvG7_C_-Hz4bE1ITE2zLllQWYtNWuh43-OVbVBnQeM2ItM2sBkn9ZjRqsivFr6_gDuDwrS8AAAAA.fum9D5E83FSX5jUw5NdIDmc1iaQmi0wrWNxeNKb_95zEpP4K1F87myBKvztwW-hIm41jneXtOwOwTd2vwmU7gg&locale=en'

01-08-2024T18:15:18 - [TEST_STEP][PASSED] - delay(90): Delayed 90 second(s)

01-08-2024T18:16:48 - [MESSAGE][PASSED] - Delayed 90 second(s)

01-08-2024T18:16:48 - [TEST_STEP][PASSED] - closeBrowser(): Browser is closed

01-08-2024T18:16:50 - [MESSAGE][PASSED] - Browser is closed

01-08-2024T18:16:50 - [TEST_STEP][PASSED] - println("**************FULLY EKYC PASSED**************"): null

01-08-2024T18:16:50 - [TEST_STEP][PASSED] - serreq_id = Math.floor(Math.random() * 9000000000) + 1000000000: null

01-08-2024T18:16:50 - [TEST_STEP][PASSED] - response7 = sendRequest(findTestObject("EKYC Flow/Server Bio", ["ser_loan_id":custloan_id, "ser_req_id":serreq_id, "NRIC":New_Nric])): Send request successfully

01-08-2024T18:16:51 - [MESSAGE][INFO] - HAR: C:\Users\zulaikha_118633\git\EKYCFlow\Reports\20240801_181459\New Nric\20240801_181459\requests\main\6.har

01-08-2024T18:16:51 - [MESSAGE][PASSED] - Send request successfully

01-08-2024T18:16:51 - [TEST_STEP][PASSED] - println(response7.getResponseBodyContent()): null

01-08-2024T18:16:51 - [TEST_STEP][PASSED] - getStatusCode()).isEqualTo(200): null

01-08-2024T18:16:51 - [TEST_STEP][PASSED] - web1 = getElementPropertyValue(response7, "webUrl"): null

01-08-2024T18:16:51 - [TEST_STEP][PASSED] - println(web1): null

01-08-2024T18:16:51 - [TEST_STEP][PASSED] - openBrowser(web1): Browser is opened with url: 'https://boost.web.apac-1.jumio.ai/web/v4/app?authorizationToken=eyJhbGciOiJIUzUxMiIsInppcCI6IkdaSVAifQ.H4sIAAAAAAAA_5XOSwpCMQwF0L10bCBt86szh07dQdM2KxAUxL3bpytwEsjN4ZJXWs_LPZ1T1lIYDRFL43RKfYzr3LkNDNThgJMdyJdCnxR7NGavq2vWg3-xLK6Uw0HEFaiaQjOuYGS4rIVOkY0fsf7h47Zi64KF9oM5WxZCrIKilI_7r0y9l0YdevAEKmrgvFdvMcKEmaal9wfMGe9U8AAAAA.2KAZddGlA--x7OtLo57O52Uosc39VLMrC4qW8vWkqlJaI3Dz4b1jSE9XBihMTN39RJMYWd1K4bMuV7QKJxuSnw&locale=en'

01-08-2024T18:16:51 - [MESSAGE][INFO] - Starting 'Chrome' driver

01-08-2024T18:16:51 - [MESSAGE][INFO] - Action delay is set to 0 milliseconds

01-08-2024T18:16:53 - [MESSAGE][PASSED] - Browser is opened with url: 'https://boost.web.apac-1.jumio.ai/web/v4/app?authorizationToken=eyJhbGciOiJIUzUxMiIsInppcCI6IkdaSVAifQ.H4sIAAAAAAAA_5XOSwpCMQwF0L10bCBt86szh07dQdM2KxAUxL3bpytwEsjN4ZJXWs_LPZ1T1lIYDRFL43RKfYzr3LkNDNThgJMdyJdCnxR7NGavq2vWg3-xLK6Uw0HEFaiaQjOuYGS4rIVOkY0fsf7h47Zi64KF9oM5WxZCrIKilI_7r0y9l0YdevAEKmrgvFdvMcKEmaal9wfMGe9U8AAAAA.2KAZddGlA--x7OtLo57O52Uosc39VLMrC4qW8vWkqlJaI3Dz4b1jSE9XBihMTN39RJMYWd1K4bMuV7QKJxuSnw&locale=en'

01-08-2024T18:16:53 - [TEST_STEP][PASSED] - delay(20): Delayed 20 second(s)

01-08-2024T18:17:13 - [MESSAGE][PASSED] - Delayed 20 second(s)

01-08-2024T18:17:13 - [TEST_STEP][PASSED] - closeBrowser(): Browser is closed

01-08-2024T18:17:14 - [MESSAGE][PASSED] - Browser is closed

01-08-2024T18:17:14 - [TEST_STEP][PASSED] - println("**************SERVER BIO PASSED**************"): null]]></system-out>
         <system-err><![CDATA[]]></system-err>
      </testcase>
      <system-out><![CDATA[01-08-2024T18:15:04 - [TEST_SUITE][PASSED] - New Nric: Test Cases/TC01_NEW_NRIC]]></system-out>
      <system-err><![CDATA[]]></system-err>
   </testsuite>
</testsuites>
